<?xml version="1.0" encoding="UTF-8"?>
<testsuite xmlns:xsi="http://www.w3.org/2001/XMLSchema-instance" xsi:noNamespaceSchemaLocation="https://maven.apache.org/surefire/maven-surefire-plugin/xsd/surefire-test-report-3.0.xsd" version="3.0" name="TestSuite" time="569.297" tests="18" errors="0" skipped="2" failures="3">
  <properties>
[...]
</properties>
  <testcase name="loginAPI" classname="API.APIEndPoints" time="3.871"/>
  <testcase name="LoggingIN" classname="tests.LoginTests" time="44.015"/>
  <testcase name="openCustomerInteraction" classname="tests.customerInteractionTest" time="28.436"/>
  <testcase name="validateDemographicInformation" classname="tests.customerInteractionTest" time="226.582">
    <failure message="The following asserts failed:&#10;	Customer Name is not visible no such element: Unable to locate element: {&quot;method&quot;:&quot;xpath&quot;,&quot;selector&quot;:&quot;//span[@class=&apos;customer-name ng-star-inserted&apos;]/span[1]&quot;}&#10;  (Session info: headless chrome=89.0.4389.90)&#10;For documentation on this error, please visit: https://www.seleniumhq.org/exceptions/no_such_element.html&#10;Build info: version: &apos;4.0.0-alpha-3&apos;, revision: &apos;8c567de6dc&apos;&#10;System info: host: &apos;LT2394650&apos;, ip: &apos;172.23.64.219&apos;, os.name: &apos;Windows 10&apos;, os.arch: &apos;amd64&apos;, os.version: &apos;10.0&apos;, java.version: &apos;1.8.0_231&apos;&#10;Driver info: org.openqa.selenium.chrome.ChromeDriver&#10;Capabilities {acceptInsecureCerts: true, browserName: chrome, browserVersion: 89.0.4389.90, chrome: {chromedriverVersion: 89.0.4389.23 (61b08ee2c5002..., userDataDir: C:\Users\2394650\AppData\Lo...}, goog:chromeOptions: {debuggerAddress: localhost:55645}, javascriptEnabled: true, networkConnectionEnabled: false, pageLoadStrategy: normal, platform: WINDOWS, platformName: WINDOWS, proxy: Proxy(), setWindowRect: true, strictFileInteractability: false, timeouts: {implicit: 0, pageLoad: 300000, script: 30000}, unhandledPromptBehavior: dismiss and notify, webauthn:extension:largeBlob: true, webauthn:virtualAuthenticators: true}&#10;Session ID: aad01f0e8d3b704d60825ae79888a52f&#10;*** Element info: {Using=xpath, value=//span[@class=&apos;customer-name ng-star-inserted&apos;]/span[1]},&#10;	Customer DOB is not visible or null no such element: Unable to locate element: {&quot;method&quot;:&quot;xpath&quot;,&quot;selector&quot;:&quot;//span[@class=&apos;customer-name ng-star-inserted&apos;]/a&quot;}&#10;  (Session info: headless chrome=89.0.4389.90)&#10;For documentation on this error, please visit: https://www.seleniumhq.org/exceptions/no_such_element.html&#10;Build info: version: &apos;4.0.0-alpha-3&apos;, revision: &apos;8c567de6dc&apos;&#10;System info: host: &apos;LT2394650&apos;, ip: &apos;172.23.64.219&apos;, os.name: &apos;Windows 10&apos;, os.arch: &apos;amd64&apos;, os.version: &apos;10.0&apos;, java.version: &apos;1.8.0_231&apos;&#10;Driver info: org.openqa.selenium.chrome.ChromeDriver&#10;Capabilities {acceptInsecureCerts: true, browserName: chrome, browserVersion: 89.0.4389.90, chrome: {chromedriverVersion: 89.0.4389.23 (61b08ee2c5002..., userDataDir: C:\Users\2394650\AppData\Lo...}, goog:chromeOptions: {debuggerAddress: localhost:55645}, javascriptEnabled: true, networkConnectionEnabled: false, pageLoadStrategy: normal, platform: WINDOWS, platformName: WINDOWS, proxy: Proxy(), setWindowRect: true, strictFileInteractability: false, timeouts: {implicit: 0, pageLoad: 300000, script: 30000}, unhandledPromptBehavior: dismiss and notify, webauthn:extension:largeBlob: true, webauthn:virtualAuthenticators: true}&#10;Session ID: aad01f0e8d3b704d60825ae79888a52f&#10;*** Element info: {Using=xpath, value=//span[@class=&apos;customer-name ng-star-inserted&apos;]/a},&#10;	Customer&apos;s Id Type is not visible or null no such element: Unable to locate element: {&quot;method&quot;:&quot;xpath&quot;,&quot;selector&quot;:&quot;//span[contains(text(),&apos;ID Type&apos;)]//following-sibling::span&quot;}&#10;  (Session info: headless chrome=89.0.4389.90)&#10;For documentation on this error, please visit: https://www.seleniumhq.org/exceptions/no_such_element.html&#10;Build info: version: &apos;4.0.0-alpha-3&apos;, revision: &apos;8c567de6dc&apos;&#10;System info: host: &apos;LT2394650&apos;, ip: &apos;172.23.64.219&apos;, os.name: &apos;Windows 10&apos;, os.arch: &apos;amd64&apos;, os.version: &apos;10.0&apos;, java.version: &apos;1.8.0_231&apos;&#10;Driver info: org.openqa.selenium.chrome.ChromeDriver&#10;Capabilities {acceptInsecureCerts: true, browserName: chrome, browserVersion: 89.0.4389.90, chrome: {chromedriverVersion: 89.0.4389.23 (61b08ee2c5002..., userDataDir: C:\Users\2394650\AppData\Lo...}, goog:chromeOptions: {debuggerAddress: localhost:55645}, javascriptEnabled: true, networkConnectionEnabled: false, pageLoadStrategy: normal, platform: WINDOWS, platformName: WINDOWS, proxy: Proxy(), setWindowRect: true, strictFileInteractability: false, timeouts: {implicit: 0, pageLoad: 300000, script: 30000}, unhandledPromptBehavior: dismiss and notify, webauthn:extension:largeBlob: true, webauthn:virtualAuthenticators: true}&#10;Session ID: aad01f0e8d3b704d60825ae79888a52f&#10;*** Element info: {Using=xpath, value=//span[contains(text(),&apos;ID Type&apos;)]//following-sibling::span},&#10;	Customer&apos;s Id Number is not visible no such element: Unable to locate element: {&quot;method&quot;:&quot;xpath&quot;,&quot;selector&quot;:&quot;//span[contains(text(),&apos;ID No.&apos;)]//following-sibling::span&quot;}&#10;  (Session info: headless chrome=89.0.4389.90)&#10;For documentation on this error, please visit: https://www.seleniumhq.org/exceptions/no_such_element.html&#10;Build info: version: &apos;4.0.0-alpha-3&apos;, revision: &apos;8c567de6dc&apos;&#10;System info: host: &apos;LT2394650&apos;, ip: &apos;172.23.64.219&apos;, os.name: &apos;Windows 10&apos;, os.arch: &apos;amd64&apos;, os.version: &apos;10.0&apos;, java.version: &apos;1.8.0_231&apos;&#10;Driver info: org.openqa.selenium.chrome.ChromeDriver&#10;Capabilities {acceptInsecureCerts: true, browserName: chrome, browserVersion: 89.0.4389.90, chrome: {chromedriverVersion: 89.0.4389.23 (61b08ee2c5002..., userDataDir: C:\Users\2394650\AppData\Lo...}, goog:chromeOptions: {debuggerAddress: localhost:55645}, javascriptEnabled: true, networkConnectionEnabled: false, pageLoadStrategy: normal, platform: WINDOWS, platformName: WINDOWS, proxy: Proxy(), setWindowRect: true, strictFileInteractability: false, timeouts: {implicit: 0, pageLoad: 300000, script: 30000}, unhandledPromptBehavior: dismiss and notify, webauthn:extension:largeBlob: true, webauthn:virtualAuthenticators: true}&#10;Session ID: aad01f0e8d3b704d60825ae79888a52f&#10;*** Element info: {Using=xpath, value=//span[contains(text(),&apos;ID No.&apos;)]//following-sibling::span},&#10;	Customer&apos;s Data Manager Status is not visible,&#10;	Customer&apos;s Device Type is not visible no such element: Unable to locate element: {&quot;method&quot;:&quot;xpath&quot;,&quot;selector&quot;:&quot;//div[@class=&quot;customer-details&quot;]//div[@class=&quot;user-left-side&quot;]/div/div[3]//li[2]/p[2]/span[2]&quot;}&#10;  (Session info: headless chrome=89.0.4389.90)&#10;For documentation on this error, please visit: https://www.seleniumhq.org/exceptions/no_such_element.html&#10;Build info: version: &apos;4.0.0-alpha-3&apos;, revision: &apos;8c567de6dc&apos;&#10;System info: host: &apos;LT2394650&apos;, ip: &apos;172.23.64.219&apos;, os.name: &apos;Windows 10&apos;, os.arch: &apos;amd64&apos;, os.version: &apos;10.0&apos;, java.version: &apos;1.8.0_231&apos;&#10;Driver info: org.openqa.selenium.chrome.ChromeDriver&#10;Capabilities {acceptInsecureCerts: true, browserName: chrome, browserVersion: 89.0.4389.90, chrome: {chromedriverVersion: 89.0.4389.23 (61b08ee2c5002..., userDataDir: C:\Users\2394650\AppData\Lo...}, goog:chromeOptions: {debuggerAddress: localhost:55645}, javascriptEnabled: true, networkConnectionEnabled: false, pageLoadStrategy: normal, platform: WINDOWS, platformName: WINDOWS, proxy: Proxy(), setWindowRect: true, strictFileInteractability: false, timeouts: {implicit: 0, pageLoad: 300000, script: 30000}, unhandledPromptBehavior: dismiss and notify, webauthn:extension:largeBlob: true, webauthn:virtualAuthenticators: true}&#10;Session ID: aad01f0e8d3b704d60825ae79888a52f&#10;*** Element info: {Using=xpath, value=//div[@class=&quot;customer-details&quot;]//div[@class=&quot;user-left-side&quot;]/div/div[3]//li[2]/p[2]/span[2]},&#10;	Customer&apos;s Service Category is not visible no such element: Unable to locate element: {&quot;method&quot;:&quot;xpath&quot;,&quot;selector&quot;:&quot;//span[contains(text(),&apos;Service Category&apos;)]//following-sibling::span&quot;}&#10;  (Session info: headless chrome=89.0.4389.90)&#10;For documentation on this error, please visit: https://www.seleniumhq.org/exceptions/no_such_element.html&#10;Build info: version: &apos;4.0.0-alpha-3&apos;, revision: &apos;8c567de6dc&apos;&#10;System info: host: &apos;LT2394650&apos;, ip: &apos;172.23.64.219&apos;, os.name: &apos;Windows 10&apos;, os.arch: &apos;amd64&apos;, os.version: &apos;10.0&apos;, java.version: &apos;1.8.0_231&apos;&#10;Driver info: org.openqa.selenium.chrome.ChromeDriver&#10;Capabilities {acceptInsecureCerts: true, browserName: chrome, browserVersion: 89.0.4389.90, chrome: {chromedriverVersion: 89.0.4389.23 (61b08ee2c5002..., userDataDir: C:\Users\2394650\AppData\Lo...}, goog:chromeOptions: {debuggerAddress: localhost:55645}, javascriptEnabled: true, networkConnectionEnabled: false, pageLoadStrategy: normal, platform: WINDOWS, platformName: WINDOWS, proxy: Proxy(), setWindowRect: true, strictFileInteractability: false, timeouts: {implicit: 0, pageLoad: 300000, script: 30000}, unhandledPromptBehavior: dismiss and notify, webauthn:extension:largeBlob: true, webauthn:virtualAuthenticators: true}&#10;Session ID: aad01f0e8d3b704d60825ae79888a52f&#10;*** Element info: {Using=xpath, value=//span[contains(text(),&apos;Service Category&apos;)]//following-sibling::span},&#10;	Customer Segment as not expected expected [- -] but found [Unable to fetch data],&#10;	Customer device IMEI number is not visible. no such element: Unable to locate element: {&quot;method&quot;:&quot;xpath&quot;,&quot;selector&quot;:&quot;//div[@class=&quot;customer-details&quot;]//div[@class=&quot;user-left-side&quot;]/div/div[3]//li[2]/p[2]/span[2]/a&quot;}&#10;  (Session info: headless chrome=89.0.4389.90)&#10;For documentation on this error, please visit: https://www.seleniumhq.org/exceptions/no_such_element.html&#10;Build info: version: &apos;4.0.0-alpha-3&apos;, revision: &apos;8c567de6dc&apos;&#10;System info: host: &apos;LT2394650&apos;, ip: &apos;172.23.64.219&apos;, os.name: &apos;Windows 10&apos;, os.arch: &apos;amd64&apos;, os.version: &apos;10.0&apos;, java.version: &apos;1.8.0_231&apos;&#10;Driver info: org.openqa.selenium.chrome.ChromeDriver&#10;Capabilities {acceptInsecureCerts: true, browserName: chrome, browserVersion: 89.0.4389.90, chrome: {chromedriverVersion: 89.0.4389.23 (61b08ee2c5002..., userDataDir: C:\Users\2394650\AppData\Lo...}, goog:chromeOptions: {debuggerAddress: localhost:55645}, javascriptEnabled: true, networkConnectionEnabled: false, pageLoadStrategy: normal, platform: WINDOWS, platformName: WINDOWS, proxy: Proxy(), setWindowRect: true, strictFileInteractability: false, timeouts: {implicit: 0, pageLoad: 300000, script: 30000}, unhandledPromptBehavior: dismiss and notify, webauthn:extension:largeBlob: true, webauthn:virtualAuthenticators: true}&#10;Session ID: aad01f0e8d3b704d60825ae79888a52f&#10;*** Element info: {Using=xpath, value=//div[@class=&quot;customer-details&quot;]//div[@class=&quot;user-left-side&quot;]/div/div[3]//li[2]/p[2]/span[2]/a}" type="java.lang.AssertionError">java.lang.AssertionError: 
The following asserts failed:
	Customer Name is not visible no such element: Unable to locate element: {"method":"xpath","selector":"//span[@class='customer-name ng-star-inserted']/span[1]"}
  (Session info: headless chrome=89.0.4389.90)
For documentation on this error, please visit: https://www.seleniumhq.org/exceptions/no_such_element.html
Build info: version: '4.0.0-alpha-3', revision: '8c567de6dc'
System info: host: 'LT2394650', ip: '172.23.64.219', os.name: 'Windows 10', os.arch: 'amd64', os.version: '10.0', java.version: '1.8.0_231'
Driver info: org.openqa.selenium.chrome.ChromeDriver
Capabilities {acceptInsecureCerts: true, browserName: chrome, browserVersion: 89.0.4389.90, chrome: {chromedriverVersion: 89.0.4389.23 (61b08ee2c5002..., userDataDir: C:\Users\2394650\AppData\Lo...}, goog:chromeOptions: {debuggerAddress: localhost:55645}, javascriptEnabled: true, networkConnectionEnabled: false, pageLoadStrategy: normal, platform: WINDOWS, platformName: WINDOWS, proxy: Proxy(), setWindowRect: true, strictFileInteractability: false, timeouts: {implicit: 0, pageLoad: 300000, script: 30000}, unhandledPromptBehavior: dismiss and notify, webauthn:extension:largeBlob: true, webauthn:virtualAuthenticators: true}
Session ID: aad01f0e8d3b704d60825ae79888a52f
*** Element info: {Using=xpath, value=//span[@class='customer-name ng-star-inserted']/span[1]},
	Customer DOB is not visible or null no such element: Unable to locate element: {"method":"xpath","selector":"//span[@class='customer-name ng-star-inserted']/a"}
  (Session info: headless chrome=89.0.4389.90)
For documentation on this error, please visit: https://www.seleniumhq.org/exceptions/no_such_element.html
Build info: version: '4.0.0-alpha-3', revision: '8c567de6dc'
System info: host: 'LT2394650', ip: '172.23.64.219', os.name: 'Windows 10', os.arch: 'amd64', os.version: '10.0', java.version: '1.8.0_231'
Driver info: org.openqa.selenium.chrome.ChromeDriver
Capabilities {acceptInsecureCerts: true, browserName: chrome, browserVersion: 89.0.4389.90, chrome: {chromedriverVersion: 89.0.4389.23 (61b08ee2c5002..., userDataDir: C:\Users\2394650\AppData\Lo...}, goog:chromeOptions: {debuggerAddress: localhost:55645}, javascriptEnabled: true, networkConnectionEnabled: false, pageLoadStrategy: normal, platform: WINDOWS, platformName: WINDOWS, proxy: Proxy(), setWindowRect: true, strictFileInteractability: false, timeouts: {implicit: 0, pageLoad: 300000, script: 30000}, unhandledPromptBehavior: dismiss and notify, webauthn:extension:largeBlob: true, webauthn:virtualAuthenticators: true}
Session ID: aad01f0e8d3b704d60825ae79888a52f
*** Element info: {Using=xpath, value=//span[@class='customer-name ng-star-inserted']/a},
	Customer's Id Type is not visible or null no such element: Unable to locate element: {"method":"xpath","selector":"//span[contains(text(),'ID Type')]//following-sibling::span"}
  (Session info: headless chrome=89.0.4389.90)
For documentation on this error, please visit: https://www.seleniumhq.org/exceptions/no_such_element.html
Build info: version: '4.0.0-alpha-3', revision: '8c567de6dc'
System info: host: 'LT2394650', ip: '172.23.64.219', os.name: 'Windows 10', os.arch: 'amd64', os.version: '10.0', java.version: '1.8.0_231'
Driver info: org.openqa.selenium.chrome.ChromeDriver
Capabilities {acceptInsecureCerts: true, browserName: chrome, browserVersion: 89.0.4389.90, chrome: {chromedriverVersion: 89.0.4389.23 (61b08ee2c5002..., userDataDir: C:\Users\2394650\AppData\Lo...}, goog:chromeOptions: {debuggerAddress: localhost:55645}, javascriptEnabled: true, networkConnectionEnabled: false, pageLoadStrategy: normal, platform: WINDOWS, platformName: WINDOWS, proxy: Proxy(), setWindowRect: true, strictFileInteractability: false, timeouts: {implicit: 0, pageLoad: 300000, script: 30000}, unhandledPromptBehavior: dismiss and notify, webauthn:extension:largeBlob: true, webauthn:virtualAuthenticators: true}
Session ID: aad01f0e8d3b704d60825ae79888a52f
*** Element info: {Using=xpath, value=//span[contains(text(),'ID Type')]//following-sibling::span},
	Customer's Id Number is not visible no such element: Unable to locate element: {"method":"xpath","selector":"//span[contains(text(),'ID No.')]//following-sibling::span"}
  (Session info: headless chrome=89.0.4389.90)
For documentation on this error, please visit: https://www.seleniumhq.org/exceptions/no_such_element.html
Build info: version: '4.0.0-alpha-3', revision: '8c567de6dc'
System info: host: 'LT2394650', ip: '172.23.64.219', os.name: 'Windows 10', os.arch: 'amd64', os.version: '10.0', java.version: '1.8.0_231'
Driver info: org.openqa.selenium.chrome.ChromeDriver
Capabilities {acceptInsecureCerts: true, browserName: chrome, browserVersion: 89.0.4389.90, chrome: {chromedriverVersion: 89.0.4389.23 (61b08ee2c5002..., userDataDir: C:\Users\2394650\AppData\Lo...}, goog:chromeOptions: {debuggerAddress: localhost:55645}, javascriptEnabled: true, networkConnectionEnabled: false, pageLoadStrategy: normal, platform: WINDOWS, platformName: WINDOWS, proxy: Proxy(), setWindowRect: true, strictFileInteractability: false, timeouts: {implicit: 0, pageLoad: 300000, script: 30000}, unhandledPromptBehavior: dismiss and notify, webauthn:extension:largeBlob: true, webauthn:virtualAuthenticators: true}
Session ID: aad01f0e8d3b704d60825ae79888a52f
*** Element info: {Using=xpath, value=//span[contains(text(),'ID No.')]//following-sibling::span},
	Customer's Data Manager Status is not visible,
	Customer's Device Type is not visible no such element: Unable to locate element: {"method":"xpath","selector":"//div[@class="customer-details"]//div[@class="user-left-side"]/div/div[3]//li[2]/p[2]/span[2]"}
  (Session info: headless chrome=89.0.4389.90)
For documentation on this error, please visit: https://www.seleniumhq.org/exceptions/no_such_element.html
Build info: version: '4.0.0-alpha-3', revision: '8c567de6dc'
System info: host: 'LT2394650', ip: '172.23.64.219', os.name: 'Windows 10', os.arch: 'amd64', os.version: '10.0', java.version: '1.8.0_231'
Driver info: org.openqa.selenium.chrome.ChromeDriver
Capabilities {acceptInsecureCerts: true, browserName: chrome, browserVersion: 89.0.4389.90, chrome: {chromedriverVersion: 89.0.4389.23 (61b08ee2c5002..., userDataDir: C:\Users\2394650\AppData\Lo...}, goog:chromeOptions: {debuggerAddress: localhost:55645}, javascriptEnabled: true, networkConnectionEnabled: false, pageLoadStrategy: normal, platform: WINDOWS, platformName: WINDOWS, proxy: Proxy(), setWindowRect: true, strictFileInteractability: false, timeouts: {implicit: 0, pageLoad: 300000, script: 30000}, unhandledPromptBehavior: dismiss and notify, webauthn:extension:largeBlob: true, webauthn:virtualAuthenticators: true}
Session ID: aad01f0e8d3b704d60825ae79888a52f
*** Element info: {Using=xpath, value=//div[@class="customer-details"]//div[@class="user-left-side"]/div/div[3]//li[2]/p[2]/span[2]},
	Customer's Service Category is not visible no such element: Unable to locate element: {"method":"xpath","selector":"//span[contains(text(),'Service Category')]//following-sibling::span"}
  (Session info: headless chrome=89.0.4389.90)
For documentation on this error, please visit: https://www.seleniumhq.org/exceptions/no_such_element.html
Build info: version: '4.0.0-alpha-3', revision: '8c567de6dc'
System info: host: 'LT2394650', ip: '172.23.64.219', os.name: 'Windows 10', os.arch: 'amd64', os.version: '10.0', java.version: '1.8.0_231'
Driver info: org.openqa.selenium.chrome.ChromeDriver
Capabilities {acceptInsecureCerts: true, browserName: chrome, browserVersion: 89.0.4389.90, chrome: {chromedriverVersion: 89.0.4389.23 (61b08ee2c5002..., userDataDir: C:\Users\2394650\AppData\Lo...}, goog:chromeOptions: {debuggerAddress: localhost:55645}, javascriptEnabled: true, networkConnectionEnabled: false, pageLoadStrategy: normal, platform: WINDOWS, platformName: WINDOWS, proxy: Proxy(), setWindowRect: true, strictFileInteractability: false, timeouts: {implicit: 0, pageLoad: 300000, script: 30000}, unhandledPromptBehavior: dismiss and notify, webauthn:extension:largeBlob: true, webauthn:virtualAuthenticators: true}
Session ID: aad01f0e8d3b704d60825ae79888a52f
*** Element info: {Using=xpath, value=//span[contains(text(),'Service Category')]//following-sibling::span},
	Customer Segment as not expected expected [- -] but found [Unable to fetch data],
	Customer device IMEI number is not visible. no such element: Unable to locate element: {"method":"xpath","selector":"//div[@class="customer-details"]//div[@class="user-left-side"]/div/div[3]//li[2]/p[2]/span[2]/a"}
  (Session info: headless chrome=89.0.4389.90)
For documentation on this error, please visit: https://www.seleniumhq.org/exceptions/no_such_element.html
Build info: version: '4.0.0-alpha-3', revision: '8c567de6dc'
System info: host: 'LT2394650', ip: '172.23.64.219', os.name: 'Windows 10', os.arch: 'amd64', os.version: '10.0', java.version: '1.8.0_231'
Driver info: org.openqa.selenium.chrome.ChromeDriver
Capabilities {acceptInsecureCerts: true, browserName: chrome, browserVersion: 89.0.4389.90, chrome: {chromedriverVersion: 89.0.4389.23 (61b08ee2c5002..., userDataDir: C:\Users\2394650\AppData\Lo...}, goog:chromeOptions: {debuggerAddress: localhost:55645}, javascriptEnabled: true, networkConnectionEnabled: false, pageLoadStrategy: normal, platform: WINDOWS, platformName: WINDOWS, proxy: Proxy(), setWindowRect: true, strictFileInteractability: false, timeouts: {implicit: 0, pageLoad: 300000, script: 30000}, unhandledPromptBehavior: dismiss and notify, webauthn:extension:largeBlob: true, webauthn:virtualAuthenticators: true}
Session ID: aad01f0e8d3b704d60825ae79888a52f
*** Element info: {Using=xpath, value=//div[@class="customer-details"]//div[@class="user-left-side"]/div/div[3]//li[2]/p[2]/span[2]/a}
	at tests.customerInteractionTest.validateDemographicInformation(customerInteractionTest.java:340)
</failure>
    <system-out><![CDATA[21:43:51.041 [main] INFO  Utils.DataProviders.DataProviders(244) - User Type ALL
21:43:51.041 [main] INFO  Utils.DataProviders.DataProviders(247) - User Type ADDED ALL
21:43:51.042 [main] INFO  Utils.DataProviders.DataProviders(244) - User Type BA
21:43:51.042 [main] INFO  Utils.DataProviders.DataProviders(250) - NO USER FOUND
21:43:51.042 [main] INFO  Utils.DataProviders.DataProviders(244) - User Type API
21:43:51.043 [main] INFO  Utils.DataProviders.DataProviders(250) - NO USER FOUND
21:43:51.043 [main] INFO  Utils.DataProviders.DataProviders(244) - User Type NFTR
21:43:51.044 [main] INFO  Utils.DataProviders.DataProviders(250) - NO USER FOUND
21:43:51.045 I am in onTestStart method validateDemographicInformation start
21:43:51.064 [main] INFO  API.APIEndPoints(206) - Request Headers are  : x-app-name=cs-service
x-service-id=customer_service_service_request_webctx
x-app-type=web
x-client-id=3
x-api-key=6ed4e45b-f587-4725-ba11-7cdff8aed697
x-login-module=MSISDN
x-channel=4
x-app-version=1.0.0
Opco=ZM
Authorization=Bearer eyJjdHkiOiJKV1QiLCJlbmMiOiJBMjU2R0NNIiwiYWxnIjoiUlNBLU9BRVAtMjU2In0.sFKmi9SWAEYuFa-tONG4R5mE52cXq0f8yZRr9x9RQ0a7ykgUcOd2LQ6TE7tyI2gr001mprVyr0LoV2HVFFO9kO_lW-0ITGcWpD9wC_Uy-yDkdhVO0yoccUNDzIjDIYkHKCVG4F-BVXQ4pfOLX24hk2ZR9mY1VuPTY242oFBOmsy80F4CzmGP6G1uXqACFFk79GBMP_sAR8cCDEiR1qHZ8jqOhIXHxAWfed8S7KSLTk-HkjNxIV0vftCkgY_89Khvkcn2mIYv3UN56H6PjzzSSuFIluZG3q2umPoykDdPff6XoKQmH2pG3yFUDTHsMwmuEbsr4pnXSokaIV5QABNRkQ.kR6Kp1KqqqN50OwW.DKQiqm6TrTMyKfituN7OAc9vq5e9M2lQYjRIyFbESmOwq4qd8J6ESuL-17j85g6aJAv8MHbSemlXdqBqIOmapDaxhNqbS6yZcgp7G7zCd0-MBnR7Dy1GGHjvtq6XO2ewW3axHnBlwwxk4d_rZCJvfyKu-EPHReBY2aOPaxc6g0Mc7bHx4E1cHALqciC5hxBpu_NyfHp8jOXAyU33Qwd422BaX7h4HtZu1o8eUjSrEzFg-flK-j0mTJ-3xzEu7NHgghQVPw.tspuwB6cgLlfga-rLl-2Vw
Content-Type=application/json
21:43:51.065 [main] INFO  API.APIEndPoints(208) - Request Body is  : {"msisdn":"973099626"}
21:43:52.363 [main] INFO  API.APIEndPoints(210) - Response : {"status":"SUCCESS","statusCode":200,"result":{"airtelMoneyStatus":"Active","appStatus":"Yes In Active","serviceStatus":"Active"},"apiErrors":{"handsetType":"Unable to Fetch Data"}}
21:43:52.364 [main] INFO  API.APIEndPoints(211) - Response time : 1 s
21:43:52.699 [main] INFO  API.APIEndPoints(227) - Request Headers are  : x-app-name=cs-service
x-service-id=customer_service_service_request_webctx
x-app-type=web
x-client-id=3
x-api-key=6ed4e45b-f587-4725-ba11-7cdff8aed697
x-login-module=MSISDN
x-channel=4
x-app-version=1.0.0
Opco=ZM
Authorization=Bearer eyJjdHkiOiJKV1QiLCJlbmMiOiJBMjU2R0NNIiwiYWxnIjoiUlNBLU9BRVAtMjU2In0.sFKmi9SWAEYuFa-tONG4R5mE52cXq0f8yZRr9x9RQ0a7ykgUcOd2LQ6TE7tyI2gr001mprVyr0LoV2HVFFO9kO_lW-0ITGcWpD9wC_Uy-yDkdhVO0yoccUNDzIjDIYkHKCVG4F-BVXQ4pfOLX24hk2ZR9mY1VuPTY242oFBOmsy80F4CzmGP6G1uXqACFFk79GBMP_sAR8cCDEiR1qHZ8jqOhIXHxAWfed8S7KSLTk-HkjNxIV0vftCkgY_89Khvkcn2mIYv3UN56H6PjzzSSuFIluZG3q2umPoykDdPff6XoKQmH2pG3yFUDTHsMwmuEbsr4pnXSokaIV5QABNRkQ.kR6Kp1KqqqN50OwW.DKQiqm6TrTMyKfituN7OAc9vq5e9M2lQYjRIyFbESmOwq4qd8J6ESuL-17j85g6aJAv8MHbSemlXdqBqIOmapDaxhNqbS6yZcgp7G7zCd0-MBnR7Dy1GGHjvtq6XO2ewW3axHnBlwwxk4d_rZCJvfyKu-EPHReBY2aOPaxc6g0Mc7bHx4E1cHALqciC5hxBpu_NyfHp8jOXAyU33Qwd422BaX7h4HtZu1o8eUjSrEzFg-flK-j0mTJ-3xzEu7NHgghQVPw.tspuwB6cgLlfga-rLl-2Vw
Content-Type=application/json
21:43:52.700 [main] INFO  API.APIEndPoints(229) - Request Body is  : {"msisdn":"973099626"}
21:43:53.765 [main] INFO  API.APIEndPoints(231) - Response : {"status":"SUCCESS","statusCode":200,"result":{"activationDate":"1487030400000","sim":"8926001030998126840","simType":"4G","puk":[{"label":"PUK1","value":"32332164"},{"label":"PUK2","value":"14553142"}],"status":"Active","lineType":"PREPAID","serviceCategory":"","segment":"","subSegment":"","serviceClass":"44","gsmAdditionalInfo":true,"modifiedBy":"Tresoap User","modifiedDate":"16-Mar-2021 12:49 PM","reason":"","vip":false},"apiErrors":{}}
21:43:53.766 [main] INFO  API.APIEndPoints(232) - Response time : 1 s
21:43:53.784 [main] INFO  API.APIEndPoints(184) - Request Headers are  : x-app-name=cs-service
x-service-id=customer_service_service_request_webctx
x-app-type=web
x-client-id=3
x-api-key=6ed4e45b-f587-4725-ba11-7cdff8aed697
x-login-module=MSISDN
x-channel=4
x-app-version=1.0.0
Opco=ZM
Authorization=Bearer eyJjdHkiOiJKV1QiLCJlbmMiOiJBMjU2R0NNIiwiYWxnIjoiUlNBLU9BRVAtMjU2In0.sFKmi9SWAEYuFa-tONG4R5mE52cXq0f8yZRr9x9RQ0a7ykgUcOd2LQ6TE7tyI2gr001mprVyr0LoV2HVFFO9kO_lW-0ITGcWpD9wC_Uy-yDkdhVO0yoccUNDzIjDIYkHKCVG4F-BVXQ4pfOLX24hk2ZR9mY1VuPTY242oFBOmsy80F4CzmGP6G1uXqACFFk79GBMP_sAR8cCDEiR1qHZ8jqOhIXHxAWfed8S7KSLTk-HkjNxIV0vftCkgY_89Khvkcn2mIYv3UN56H6PjzzSSuFIluZG3q2umPoykDdPff6XoKQmH2pG3yFUDTHsMwmuEbsr4pnXSokaIV5QABNRkQ.kR6Kp1KqqqN50OwW.DKQiqm6TrTMyKfituN7OAc9vq5e9M2lQYjRIyFbESmOwq4qd8J6ESuL-17j85g6aJAv8MHbSemlXdqBqIOmapDaxhNqbS6yZcgp7G7zCd0-MBnR7Dy1GGHjvtq6XO2ewW3axHnBlwwxk4d_rZCJvfyKu-EPHReBY2aOPaxc6g0Mc7bHx4E1cHALqciC5hxBpu_NyfHp8jOXAyU33Qwd422BaX7h4HtZu1o8eUjSrEzFg-flK-j0mTJ-3xzEu7NHgghQVPw.tspuwB6cgLlfga-rLl-2Vw
Content-Type=application/json
21:43:53.785 [main] INFO  API.APIEndPoints(186) - Request Body is  : {"msisdn":"973099626"}
21:43:56.845 [main] INFO  API.APIEndPoints(188) - Response : {"status":"SUCCESS","statusCode":200,"result":{"gsm":"Not Available"},"apiErrors":{}}
21:43:56.846 [main] INFO  API.APIEndPoints(189) - Response time : 3 s
21:43:56.852 [main] INFO  API.APIEndPoints(96) - Request Headers are  : x-app-name=cs-service
x-service-id=customer_service_service_request_webctx
x-app-type=web
x-client-id=3
x-api-key=6ed4e45b-f587-4725-ba11-7cdff8aed697
x-login-module=MSISDN
x-channel=4
x-app-version=1.0.0
Opco=ZM
Authorization=Bearer eyJjdHkiOiJKV1QiLCJlbmMiOiJBMjU2R0NNIiwiYWxnIjoiUlNBLU9BRVAtMjU2In0.sFKmi9SWAEYuFa-tONG4R5mE52cXq0f8yZRr9x9RQ0a7ykgUcOd2LQ6TE7tyI2gr001mprVyr0LoV2HVFFO9kO_lW-0ITGcWpD9wC_Uy-yDkdhVO0yoccUNDzIjDIYkHKCVG4F-BVXQ4pfOLX24hk2ZR9mY1VuPTY242oFBOmsy80F4CzmGP6G1uXqACFFk79GBMP_sAR8cCDEiR1qHZ8jqOhIXHxAWfed8S7KSLTk-HkjNxIV0vftCkgY_89Khvkcn2mIYv3UN56H6PjzzSSuFIluZG3q2umPoykDdPff6XoKQmH2pG3yFUDTHsMwmuEbsr4pnXSokaIV5QABNRkQ.kR6Kp1KqqqN50OwW.DKQiqm6TrTMyKfituN7OAc9vq5e9M2lQYjRIyFbESmOwq4qd8J6ESuL-17j85g6aJAv8MHbSemlXdqBqIOmapDaxhNqbS6yZcgp7G7zCd0-MBnR7Dy1GGHjvtq6XO2ewW3axHnBlwwxk4d_rZCJvfyKu-EPHReBY2aOPaxc6g0Mc7bHx4E1cHALqciC5hxBpu_NyfHp8jOXAyU33Qwd422BaX7h4HtZu1o8eUjSrEzFg-flK-j0mTJ-3xzEu7NHgghQVPw.tspuwB6cgLlfga-rLl-2Vw
Content-Type=application/json
21:43:56.853 [main] INFO  API.APIEndPoints(98) - Request Body is  : {"msisdn":"973099626"}
21:43:57.907 [main] INFO  API.APIEndPoints(101) - Response : {"status":"SUCCESS","statusCode":200,"result":{"dataManager":"","mainAccountBalance":{"balance":"28.8","currency":"ZMW","expireTime":1697284800000},"data":{"balance":"0.0","accounts":[{"balanceDescription":"DATA-1000","balance":"0.0"},{"balanceDescription":"DATA-1011","balance":"0.0"},{"balanceDescription":"DATA-1022","balance":"0.0"},{"balanceDescription":"DATA-1010","balance":"0.0"},{"balanceDescription":"DATA-1021","balance":"0.0"},{"balanceDescription":"SoChe Data Night","balance":"0.0"},{"balanceDescription":"DATA-1019","balance":"0.0"},{"balanceDescription":"DATA-1007","balance":"0.0"},{"balanceDescription":"DATA-1006","balance":"0.0"},{"balanceDescription":"SoChe Micro Data","balance":"0.0"},{"balanceDescription":"DATA-1005","balance":"0.0"},{"balanceDescription":"DATA-1016","balance":"0.0"},{"balanceDescription":"DATA-1004","balance":"0.0"},{"balanceDescription":"DATA-1015","balance":"0.0"},{"balanceDescription":"DATA-1003","balance":"0.0"},{"balanceDescription":"DATA-1014","balance":"0.0"},{"balanceDescription":"DATA-1013","balance":"0.0"},{"balanceDescription":"DATA-1012","balance":"0.0"},{"balanceDescription":"DATA-1009","balance":"0.0"}]}},"apiErrors":{}}
21:43:57.907 [main] INFO  API.APIEndPoints(102) - Response time : 1 s
21:43:57.931 [main] INFO  API.APIEndPoints(249) - Request Headers are  : x-app-name=cs-service
x-service-id=customer_service_service_request_webctx
x-app-type=web
x-client-id=3
x-api-key=6ed4e45b-f587-4725-ba11-7cdff8aed697
x-login-module=MSISDN
x-channel=4
x-app-version=1.0.0
Opco=ZM
Authorization=Bearer eyJjdHkiOiJKV1QiLCJlbmMiOiJBMjU2R0NNIiwiYWxnIjoiUlNBLU9BRVAtMjU2In0.sFKmi9SWAEYuFa-tONG4R5mE52cXq0f8yZRr9x9RQ0a7ykgUcOd2LQ6TE7tyI2gr001mprVyr0LoV2HVFFO9kO_lW-0ITGcWpD9wC_Uy-yDkdhVO0yoccUNDzIjDIYkHKCVG4F-BVXQ4pfOLX24hk2ZR9mY1VuPTY242oFBOmsy80F4CzmGP6G1uXqACFFk79GBMP_sAR8cCDEiR1qHZ8jqOhIXHxAWfed8S7KSLTk-HkjNxIV0vftCkgY_89Khvkcn2mIYv3UN56H6PjzzSSuFIluZG3q2umPoykDdPff6XoKQmH2pG3yFUDTHsMwmuEbsr4pnXSokaIV5QABNRkQ.kR6Kp1KqqqN50OwW.DKQiqm6TrTMyKfituN7OAc9vq5e9M2lQYjRIyFbESmOwq4qd8J6ESuL-17j85g6aJAv8MHbSemlXdqBqIOmapDaxhNqbS6yZcgp7G7zCd0-MBnR7Dy1GGHjvtq6XO2ewW3axHnBlwwxk4d_rZCJvfyKu-EPHReBY2aOPaxc6g0Mc7bHx4E1cHALqciC5hxBpu_NyfHp8jOXAyU33Qwd422BaX7h4HtZu1o8eUjSrEzFg-flK-j0mTJ-3xzEu7NHgghQVPw.tspuwB6cgLlfga-rLl-2Vw
Content-Type=application/json
21:43:57.932 [main] INFO  API.APIEndPoints(251) - Request Body is  : {msisdn=973099626, walletType=Main}
21:43:58.928 [main] INFO  API.APIEndPoints(253) - Response : {"message":"Kyc Details fetched successfully.","statusCode":200,"result":{"message":"Success","firstName":"Rahul","lastName":"Gupta","regStatus":"SUBS","msisdn":"973099626","isPinReset":"false","wallet":[{"balance":"1240.5","currency":"ZMW","accountStatus":"Active"}],"userBarred":false,"pinSet":true,"dob":"1997-05-29 08:23:58.0"},"apiErrors":{}}
21:43:58.928 [main] INFO  API.APIEndPoints(254) - Response time : 0 s
21:43:59.045 [main] INFO  pages.BasePage(321) - Is PUK Info locked: true
21:43:59.116 [main] INFO  pages.BasePage(321) - Clicking Tap to unlock on PUK Info
21:43:59.290 [main] INFO  pages.BasePage(73) - Clicking on elementBy.xpath: //span[contains(text(),'PUK')]//parent::div//span[contains(text(),'Tap to unlock')]
21:44:04.309 [main] INFO  pages.BasePage(321) - Waiting for loader to be removed
21:44:09.348 [main] INFO  pages.BasePage(321) - Loader Removed
21:44:09.349 [main] INFO  pages.BasePage(321) - Checking Authentication tab load
21:44:09.590 [main] INFO  pages.BasePage(321) - Clicking 1Q Checkbox
21:44:10.345 [main] INFO  pages.BasePage(73) - Clicking on elementBy.xpath: //app-authentication-block-modal//div[1]//div[2]//div[1]//div[@class="main-container__body--left--wrapper ng-star-inserted"][1]//mat-checkbox
21:44:10.346 [main] INFO  pages.BasePage(321) - Clicking 2Q Checkbox
21:44:11.110 [main] INFO  pages.BasePage(73) - Clicking on elementBy.xpath: //app-authentication-block-modal//div[1]//div[2]//div[1]//div[@class="main-container__body--left--wrapper ng-star-inserted"][2]//mat-checkbox
21:44:11.110 [main] INFO  pages.BasePage(321) - Clicking 3Q Checkbox
21:44:11.845 [main] INFO  pages.BasePage(73) - Clicking on elementBy.xpath: //app-authentication-block-modal//div[1]//div[2]//div[1]//div[@class="main-container__body--left--wrapper ng-star-inserted"][3]//mat-checkbox
21:44:11.845 [main] INFO  pages.BasePage(321) - Checking Authenticate button is enable
21:44:11.871 [main] INFO  pages.BasePage(321) - Clicking on Authenticate button
21:44:12.090 [main] INFO  pages.BasePage(73) - Clicking on elementBy.xpath: //div[@class="main-container__body--right--buttons"]//button[2]
21:44:14.215 [main] INFO  pages.CustomerDemoGraphicPOM(153) - Getting PUK1 32332164
21:44:14.438 [main] INFO  pages.CustomerDemoGraphicPOM(159) - Getting PUK2 14553142
21:44:36.148 [main] INFO  pages.BasePage(321) - Is Airtel Money Status Info locked: false
21:45:19.411 [main] INFO  pages.BasePage(321) - Hover on Customer Info icon
21:46:24.269 [main] INFO  pages.BasePage(321) - Hover on SIM Number Info icon
21:46:24.565 [main] INFO  pages.CustomerDemoGraphicPOM(134) - Getting Activation Date 14-Feb-2017
21:46:24.755 [main] INFO  pages.BasePage(321) - Getting SIM Status: Active
21:46:24.814 [main] INFO  pages.BasePage(321) - Hover on SIM Status Reason Info icon
21:46:25.061 [main] INFO  pages.BasePage(321) - Getting SIM Status Reason Code -
21:46:25.190 [main] INFO  pages.BasePage(321) - Getting SIM Status Modified By Tresoap User
21:46:25.341 [main] INFO  pages.BasePage(321) - Getting SIM Status Modified Date 16-Mar-2021 12:49 PM
21:46:30.525 [main] INFO  pages.BasePage(321) - Getting Airtel Money Status: Active
21:46:30.660 [main] INFO  pages.BasePage(321) - Getting Service Status: Active
21:46:30.840 [main] INFO  pages.BasePage(321) - Getting Airtel Money Wallet Balance: ZMW 1240.5
21:46:31.006 [main] INFO  pages.BasePage(321) - Getting Airtel Money Registration Status : SUBS
21:46:52.745 [main] INFO  pages.CustomerDemoGraphicPOM(140) - Getting Sim Number 8926001030998126840
21:46:52.941 [main] INFO  pages.CustomerDemoGraphicPOM(146) - Getting Sim Type 4G
21:46:53.121 [main] INFO  pages.BasePage(321) - Getting Line Type: PREPAID
21:47:14.884 [main] INFO  pages.BasePage(321) - Getting Segment: Unable to fetch data
21:47:15.031 [main] INFO  pages.BasePage(321) - Getting service class: 44
21:47:15.101 [main] INFO  pages.BasePage(321) - Hover on Device Info icon
21:47:36.807 I am in on TestFailure method validateDemographicInformation failed
java.lang.AssertionError: The following asserts failed:
	Customer Name is not visible no such element: Unable to locate element: {"method":"xpath","selector":"//span[@class='customer-name ng-star-inserted']/span[1]"}
  (Session info: headless chrome=89.0.4389.90)
For documentation on this error, please visit: https://www.seleniumhq.org/exceptions/no_such_element.html
Build info: version: '4.0.0-alpha-3', revision: '8c567de6dc'
System info: host: 'LT2394650', ip: '172.23.64.219', os.name: 'Windows 10', os.arch: 'amd64', os.version: '10.0', java.version: '1.8.0_231'
Driver info: org.openqa.selenium.chrome.ChromeDriver
Capabilities {acceptInsecureCerts: true, browserName: chrome, browserVersion: 89.0.4389.90, chrome: {chromedriverVersion: 89.0.4389.23 (61b08ee2c5002..., userDataDir: C:\Users\2394650\AppData\Lo...}, goog:chromeOptions: {debuggerAddress: localhost:55645}, javascriptEnabled: true, networkConnectionEnabled: false, pageLoadStrategy: normal, platform: WINDOWS, platformName: WINDOWS, proxy: Proxy(), setWindowRect: true, strictFileInteractability: false, timeouts: {implicit: 0, pageLoad: 300000, script: 30000}, unhandledPromptBehavior: dismiss and notify, webauthn:extension:largeBlob: true, webauthn:virtualAuthenticators: true}
Session ID: aad01f0e8d3b704d60825ae79888a52f
*** Element info: {Using=xpath, value=//span[@class='customer-name ng-star-inserted']/span[1]},
	Customer DOB is not visible or null no such element: Unable to locate element: {"method":"xpath","selector":"//span[@class='customer-name ng-star-inserted']/a"}
  (Session info: headless chrome=89.0.4389.90)
For documentation on this error, please visit: https://www.seleniumhq.org/exceptions/no_such_element.html
Build info: version: '4.0.0-alpha-3', revision: '8c567de6dc'
System info: host: 'LT2394650', ip: '172.23.64.219', os.name: 'Windows 10', os.arch: 'amd64', os.version: '10.0', java.version: '1.8.0_231'
Driver info: org.openqa.selenium.chrome.ChromeDriver
Capabilities {acceptInsecureCerts: true, browserName: chrome, browserVersion: 89.0.4389.90, chrome: {chromedriverVersion: 89.0.4389.23 (61b08ee2c5002..., userDataDir: C:\Users\2394650\AppData\Lo...}, goog:chromeOptions: {debuggerAddress: localhost:55645}, javascriptEnabled: true, networkConnectionEnabled: false, pageLoadStrategy: normal, platform: WINDOWS, platformName: WINDOWS, proxy: Proxy(), setWindowRect: true, strictFileInteractability: false, timeouts: {implicit: 0, pageLoad: 300000, script: 30000}, unhandledPromptBehavior: dismiss and notify, webauthn:extension:largeBlob: true, webauthn:virtualAuthenticators: true}
Session ID: aad01f0e8d3b704d60825ae79888a52f
*** Element info: {Using=xpath, value=//span[@class='customer-name ng-star-inserted']/a},
	Customer's Id Type is not visible or null no such element: Unable to locate element: {"method":"xpath","selector":"//span[contains(text(),'ID Type')]//following-sibling::span"}
  (Session info: headless chrome=89.0.4389.90)
For documentation on this error, please visit: https://www.seleniumhq.org/exceptions/no_such_element.html
Build info: version: '4.0.0-alpha-3', revision: '8c567de6dc'
System info: host: 'LT2394650', ip: '172.23.64.219', os.name: 'Windows 10', os.arch: 'amd64', os.version: '10.0', java.version: '1.8.0_231'
Driver info: org.openqa.selenium.chrome.ChromeDriver
Capabilities {acceptInsecureCerts: true, browserName: chrome, browserVersion: 89.0.4389.90, chrome: {chromedriverVersion: 89.0.4389.23 (61b08ee2c5002..., userDataDir: C:\Users\2394650\AppData\Lo...}, goog:chromeOptions: {debuggerAddress: localhost:55645}, javascriptEnabled: true, networkConnectionEnabled: false, pageLoadStrategy: normal, platform: WINDOWS, platformName: WINDOWS, proxy: Proxy(), setWindowRect: true, strictFileInteractability: false, timeouts: {implicit: 0, pageLoad: 300000, script: 30000}, unhandledPromptBehavior: dismiss and notify, webauthn:extension:largeBlob: true, webauthn:virtualAuthenticators: true}
Session ID: aad01f0e8d3b704d60825ae79888a52f
*** Element info: {Using=xpath, value=//span[contains(text(),'ID Type')]//following-sibling::span},
	Customer's Id Number is not visible no such element: Unable to locate element: {"method":"xpath","selector":"//span[contains(text(),'ID No.')]//following-sibling::span"}
  (Session info: headless chrome=89.0.4389.90)
For documentation on this error, please visit: https://www.seleniumhq.org/exceptions/no_such_element.html
Build info: version: '4.0.0-alpha-3', revision: '8c567de6dc'
System info: host: 'LT2394650', ip: '172.23.64.219', os.name: 'Windows 10', os.arch: 'amd64', os.version: '10.0', java.version: '1.8.0_231'
Driver info: org.openqa.selenium.chrome.ChromeDriver
Capabilities {acceptInsecureCerts: true, browserName: chrome, browserVersion: 89.0.4389.90, chrome: {chromedriverVersion: 89.0.4389.23 (61b08ee2c5002..., userDataDir: C:\Users\2394650\AppData\Lo...}, goog:chromeOptions: {debuggerAddress: localhost:55645}, javascriptEnabled: true, networkConnectionEnabled: false, pageLoadStrategy: normal, platform: WINDOWS, platformName: WINDOWS, proxy: Proxy(), setWindowRect: true, strictFileInteractability: false, timeouts: {implicit: 0, pageLoad: 300000, script: 30000}, unhandledPromptBehavior: dismiss and notify, webauthn:extension:largeBlob: true, webauthn:virtualAuthenticators: true}
Session ID: aad01f0e8d3b704d60825ae79888a52f
*** Element info: {Using=xpath, value=//span[contains(text(),'ID No.')]//following-sibling::span},
	Customer's Data Manager Status is not visible,
	Customer's Device Type is not visible no such element: Unable to locate element: {"method":"xpath","selector":"//div[@class="customer-details"]//div[@class="user-left-side"]/div/div[3]//li[2]/p[2]/span[2]"}
  (Session info: headless chrome=89.0.4389.90)
For documentation on this error, please visit: https://www.seleniumhq.org/exceptions/no_such_element.html
Build info: version: '4.0.0-alpha-3', revision: '8c567de6dc'
System info: host: 'LT2394650', ip: '172.23.64.219', os.name: 'Windows 10', os.arch: 'amd64', os.version: '10.0', java.version: '1.8.0_231'
Driver info: org.openqa.selenium.chrome.ChromeDriver
Capabilities {acceptInsecureCerts: true, browserName: chrome, browserVersion: 89.0.4389.90, chrome: {chromedriverVersion: 89.0.4389.23 (61b08ee2c5002..., userDataDir: C:\Users\2394650\AppData\Lo...}, goog:chromeOptions: {debuggerAddress: localhost:55645}, javascriptEnabled: true, networkConnectionEnabled: false, pageLoadStrategy: normal, platform: WINDOWS, platformName: WINDOWS, proxy: Proxy(), setWindowRect: true, strictFileInteractability: false, timeouts: {implicit: 0, pageLoad: 300000, script: 30000}, unhandledPromptBehavior: dismiss and notify, webauthn:extension:largeBlob: true, webauthn:virtualAuthenticators: true}
Session ID: aad01f0e8d3b704d60825ae79888a52f
*** Element info: {Using=xpath, value=//div[@class="customer-details"]//div[@class="user-left-side"]/div/div[3]//li[2]/p[2]/span[2]},
	Customer's Service Category is not visible no such element: Unable to locate element: {"method":"xpath","selector":"//span[contains(text(),'Service Category')]//following-sibling::span"}
  (Session info: headless chrome=89.0.4389.90)
For documentation on this error, please visit: https://www.seleniumhq.org/exceptions/no_such_element.html
Build info: version: '4.0.0-alpha-3', revision: '8c567de6dc'
System info: host: 'LT2394650', ip: '172.23.64.219', os.name: 'Windows 10', os.arch: 'amd64', os.version: '10.0', java.version: '1.8.0_231'
Driver info: org.openqa.selenium.chrome.ChromeDriver
Capabilities {acceptInsecureCerts: true, browserName: chrome, browserVersion: 89.0.4389.90, chrome: {chromedriverVersion: 89.0.4389.23 (61b08ee2c5002..., userDataDir: C:\Users\2394650\AppData\Lo...}, goog:chromeOptions: {debuggerAddress: localhost:55645}, javascriptEnabled: true, networkConnectionEnabled: false, pageLoadStrategy: normal, platform: WINDOWS, platformName: WINDOWS, proxy: Proxy(), setWindowRect: true, strictFileInteractability: false, timeouts: {implicit: 0, pageLoad: 300000, script: 30000}, unhandledPromptBehavior: dismiss and notify, webauthn:extension:largeBlob: true, webauthn:virtualAuthenticators: true}
Session ID: aad01f0e8d3b704d60825ae79888a52f
*** Element info: {Using=xpath, value=//span[contains(text(),'Service Category')]//following-sibling::span},
	Customer Segment as not expected expected [- -] but found [Unable to fetch data],
	Customer device IMEI number is not visible. no such element: Unable to locate element: {"method":"xpath","selector":"//div[@class="customer-details"]//div[@class="user-left-side"]/div/div[3]//li[2]/p[2]/span[2]/a"}
  (Session info: headless chrome=89.0.4389.90)
For documentation on this error, please visit: https://www.seleniumhq.org/exceptions/no_such_element.html
Build info: version: '4.0.0-alpha-3', revision: '8c567de6dc'
System info: host: 'LT2394650', ip: '172.23.64.219', os.name: 'Windows 10', os.arch: 'amd64', os.version: '10.0', java.version: '1.8.0_231'
Driver info: org.openqa.selenium.chrome.ChromeDriver
Capabilities {acceptInsecureCerts: true, browserName: chrome, browserVersion: 89.0.4389.90, chrome: {chromedriverVersion: 89.0.4389.23 (61b08ee2c5002..., userDataDir: C:\Users\2394650\AppData\Lo...}, goog:chromeOptions: {debuggerAddress: localhost:55645}, javascriptEnabled: true, networkConnectionEnabled: false, pageLoadStrategy: normal, platform: WINDOWS, platformName: WINDOWS, proxy: Proxy(), setWindowRect: true, strictFileInteractability: false, timeouts: {implicit: 0, pageLoad: 300000, script: 30000}, unhandledPromptBehavior: dismiss and notify, webauthn:extension:largeBlob: true, webauthn:virtualAuthenticators: true}
Session ID: aad01f0e8d3b704d60825ae79888a52f
*** Element info: {Using=xpath, value=//div[@class="customer-details"]//div[@class="user-left-side"]/div/div[3]//li[2]/p[2]/span[2]/a}
	at org.testng.asserts.SoftAssert.assertAll(SoftAssert.java:47)
	at org.testng.asserts.SoftAssert.assertAll(SoftAssert.java:31)
	at tests.customerInteractionTest.validateDemographicInformation(customerInteractionTest.java:340)
	at sun.reflect.NativeMethodAccessorImpl.invoke0(Native Method)
	at sun.reflect.NativeMethodAccessorImpl.invoke(NativeMethodAccessorImpl.java:62)
	at sun.reflect.DelegatingMethodAccessorImpl.invoke(DelegatingMethodAccessorImpl.java:43)
	at java.lang.reflect.Method.invoke(Method.java:498)
	at org.testng.internal.MethodInvocationHelper.invokeMethod(MethodInvocationHelper.java:133)
	at org.testng.internal.TestInvoker.invokeMethod(TestInvoker.java:584)
	at org.testng.internal.TestInvoker.invokeTestMethod(TestInvoker.java:172)
	at org.testng.internal.MethodRunner.runInSequence(MethodRunner.java:46)
	at org.testng.internal.TestInvoker$MethodInvocationAgent.invoke(TestInvoker.java:804)
	at org.testng.internal.TestInvoker.invokeTestMethods(TestInvoker.java:145)
	at org.testng.internal.TestMethodWorker.invokeTestMethods(TestMethodWorker.java:146)
	at org.testng.internal.TestMethodWorker.run(TestMethodWorker.java:128)
	at java.util.ArrayList.forEach(ArrayList.java:1257)
	at org.testng.TestRunner.privateRun(TestRunner.java:770)
	at org.testng.TestRunner.run(TestRunner.java:591)
	at org.testng.SuiteRunner.runTest(SuiteRunner.java:402)
	at org.testng.SuiteRunner.runSequentially(SuiteRunner.java:396)
	at org.testng.SuiteRunner.privateRun(SuiteRunner.java:355)
	at org.testng.SuiteRunner.run(SuiteRunner.java:304)
	at org.testng.SuiteRunnerWorker.runSuite(SuiteRunnerWorker.java:53)
	at org.testng.SuiteRunnerWorker.run(SuiteRunnerWorker.java:96)
	at org.testng.TestNG.runSuitesSequentially(TestNG.java:1180)
	at org.testng.TestNG.runSuitesLocally(TestNG.java:1102)
	at org.testng.TestNG.runSuites(TestNG.java:1032)
	at org.testng.TestNG.run(TestNG.java:1000)
	at org.apache.maven.surefire.testng.TestNGExecutor.run(TestNGExecutor.java:283)
	at org.apache.maven.surefire.testng.TestNGXmlTestSuite.execute(TestNGXmlTestSuite.java:75)
	at org.apache.maven.surefire.testng.TestNGProvider.invoke(TestNGProvider.java:120)
	at org.apache.maven.surefire.booter.ForkedBooter.invokeProviderInSameClassLoader(ForkedBooter.java:384)
	at org.apache.maven.surefire.booter.ForkedBooter.runSuitesInProcess(ForkedBooter.java:345)
	at org.apache.maven.surefire.booter.ForkedBooter.execute(ForkedBooter.java:126)
	at org.apache.maven.surefire.booter.ForkedBooter.main(ForkedBooter.java:418)

]]></system-out>
    <system-err><![CDATA[org.openqa.selenium.TimeoutException: Expected condition failed: waiting for presence of element located by: By.xpath: //span[contains(text(),'Airtel Money Profile')]//ancestor::div[@class="card widget ng-star-inserted"]//div[contains(text(),'Tap to unlock')] (tried for 20 second(s) with 500 milliseconds interval)
	at org.openqa.selenium.support.ui.WebDriverWait.timeoutException(WebDriverWait.java:138)
	at org.openqa.selenium.support.ui.FluentWait.until(FluentWait.java:234)
	at pages.BasePage.waitVisibility(BasePage.java:126)
	at pages.BasePage.checkState(BasePage.java:114)
	at pages.CustomerDemoGraphicPOM.isAirtelMoneyStatusLock(CustomerDemoGraphicPOM.java:198)
	at tests.customerInteractionTest.validateDemographicInformation(customerInteractionTest.java:118)
	at sun.reflect.NativeMethodAccessorImpl.invoke0(Native Method)
	at sun.reflect.NativeMethodAccessorImpl.invoke(NativeMethodAccessorImpl.java:62)
	at sun.reflect.DelegatingMethodAccessorImpl.invoke(DelegatingMethodAccessorImpl.java:43)
	at java.lang.reflect.Method.invoke(Method.java:498)
	at org.testng.internal.MethodInvocationHelper.invokeMethod(MethodInvocationHelper.java:133)
	at org.testng.internal.TestInvoker.invokeMethod(TestInvoker.java:584)
	at org.testng.internal.TestInvoker.invokeTestMethod(TestInvoker.java:172)
	at org.testng.internal.MethodRunner.runInSequence(MethodRunner.java:46)
	at org.testng.internal.TestInvoker$MethodInvocationAgent.invoke(TestInvoker.java:804)
	at org.testng.internal.TestInvoker.invokeTestMethods(TestInvoker.java:145)
	at org.testng.internal.TestMethodWorker.invokeTestMethods(TestMethodWorker.java:146)
	at org.testng.internal.TestMethodWorker.run(TestMethodWorker.java:128)
	at java.util.ArrayList.forEach(ArrayList.java:1257)
	at org.testng.TestRunner.privateRun(TestRunner.java:770)
	at org.testng.TestRunner.run(TestRunner.java:591)
	at org.testng.SuiteRunner.runTest(SuiteRunner.java:402)
	at org.testng.SuiteRunner.runSequentially(SuiteRunner.java:396)
	at org.testng.SuiteRunner.privateRun(SuiteRunner.java:355)
	at org.testng.SuiteRunner.run(SuiteRunner.java:304)
	at org.testng.SuiteRunnerWorker.runSuite(SuiteRunnerWorker.java:53)
	at org.testng.SuiteRunnerWorker.run(SuiteRunnerWorker.java:96)
	at org.testng.TestNG.runSuitesSequentially(TestNG.java:1180)
	at org.testng.TestNG.runSuitesLocally(TestNG.java:1102)
	at org.testng.TestNG.runSuites(TestNG.java:1032)
	at org.testng.TestNG.run(TestNG.java:1000)
	at org.apache.maven.surefire.testng.TestNGExecutor.run(TestNGExecutor.java:283)
	at org.apache.maven.surefire.testng.TestNGXmlTestSuite.execute(TestNGXmlTestSuite.java:75)
	at org.apache.maven.surefire.testng.TestNGProvider.invoke(TestNGProvider.java:120)
	at org.apache.maven.surefire.booter.ForkedBooter.invokeProviderInSameClassLoader(ForkedBooter.java:384)
	at org.apache.maven.surefire.booter.ForkedBooter.runSuitesInProcess(ForkedBooter.java:345)
	at org.apache.maven.surefire.booter.ForkedBooter.execute(ForkedBooter.java:126)
	at org.apache.maven.surefire.booter.ForkedBooter.main(ForkedBooter.java:418)
Caused by: org.openqa.selenium.NoSuchElementException: no such element: Unable to locate element: {"method":"xpath","selector":"//span[contains(text(),'Airtel Money Profile')]//ancestor::div[@class="card widget ng-star-inserted"]//div[contains(text(),'Tap to unlock')]"}
  (Session info: headless chrome=89.0.4389.90)
For documentation on this error, please visit: https://www.seleniumhq.org/exceptions/no_such_element.html
Build info: version: '4.0.0-alpha-3', revision: '8c567de6dc'
System info: host: 'LT2394650', ip: '172.23.64.219', os.name: 'Windows 10', os.arch: 'amd64', os.version: '10.0', java.version: '1.8.0_231'
Driver info: org.openqa.selenium.chrome.ChromeDriver
Capabilities {acceptInsecureCerts: true, browserName: chrome, browserVersion: 89.0.4389.90, chrome: {chromedriverVersion: 89.0.4389.23 (61b08ee2c5002..., userDataDir: C:\Users\2394650\AppData\Lo...}, goog:chromeOptions: {debuggerAddress: localhost:55645}, javascriptEnabled: true, networkConnectionEnabled: false, pageLoadStrategy: normal, platform: WINDOWS, platformName: WINDOWS, proxy: Proxy(), setWindowRect: true, strictFileInteractability: false, timeouts: {implicit: 0, pageLoad: 300000, script: 30000}, unhandledPromptBehavior: dismiss and notify, webauthn:extension:largeBlob: true, webauthn:virtualAuthenticators: true}
Session ID: aad01f0e8d3b704d60825ae79888a52f
*** Element info: {Using=xpath, value=//span[contains(text(),'Airtel Money Profile')]//ancestor::div[@class="card widget ng-star-inserted"]//div[contains(text(),'Tap to unlock')]}
	at sun.reflect.NativeConstructorAccessorImpl.newInstance0(Native Method)
	at sun.reflect.NativeConstructorAccessorImpl.newInstance(NativeConstructorAccessorImpl.java:62)
	at sun.reflect.DelegatingConstructorAccessorImpl.newInstance(DelegatingConstructorAccessorImpl.java:45)
	at java.lang.reflect.Constructor.newInstance(Constructor.java:423)
	at org.openqa.selenium.remote.codec.w3c.W3CHttpResponseCodec.createException(W3CHttpResponseCodec.java:191)
	at org.openqa.selenium.remote.codec.w3c.W3CHttpResponseCodec.decode(W3CHttpResponseCodec.java:125)
	at org.openqa.selenium.remote.codec.w3c.W3CHttpResponseCodec.decode(W3CHttpResponseCodec.java:52)
	at org.openqa.selenium.remote.HttpCommandExecutor.execute(HttpCommandExecutor.java:161)
	at org.openqa.selenium.remote.service.DriverCommandExecutor.execute(DriverCommandExecutor.java:83)
	at org.openqa.selenium.remote.RemoteWebDriver.execute(RemoteWebDriver.java:576)
	at org.openqa.selenium.remote.RemoteWebDriver.findElement(RemoteWebDriver.java:327)
	at org.openqa.selenium.remote.RemoteWebDriver.findElementByXPath(RemoteWebDriver.java:445)
	at org.openqa.selenium.By$ByXPath.findElement(By.java:396)
	at org.openqa.selenium.remote.RemoteWebDriver.findElement(RemoteWebDriver.java:319)
	at org.openqa.selenium.support.ui.ExpectedConditions$6.apply(ExpectedConditions.java:182)
	at org.openqa.selenium.support.ui.ExpectedConditions$6.apply(ExpectedConditions.java:179)
	at org.openqa.selenium.support.ui.FluentWait.until(FluentWait.java:211)
	... 36 more
org.openqa.selenium.TimeoutException: Expected condition failed: waiting for presence of element located by: By.xpath: //span[contains(text(),'Airtel Money Profile')]//ancestor::div[@class="card widget ng-star-inserted"]//div[contains(text(),'Tap to unlock')] (tried for 20 second(s) with 500 milliseconds interval)
	at org.openqa.selenium.support.ui.WebDriverWait.timeoutException(WebDriverWait.java:138)
	at org.openqa.selenium.support.ui.FluentWait.until(FluentWait.java:234)
	at pages.BasePage.waitVisibility(BasePage.java:126)
	at pages.BasePage.checkState(BasePage.java:114)
	at pages.CustomerDemoGraphicPOM.isAirtelMoneyStatusLock(CustomerDemoGraphicPOM.java:199)
	at tests.customerInteractionTest.validateDemographicInformation(customerInteractionTest.java:118)
	at sun.reflect.NativeMethodAccessorImpl.invoke0(Native Method)
	at sun.reflect.NativeMethodAccessorImpl.invoke(NativeMethodAccessorImpl.java:62)
	at sun.reflect.DelegatingMethodAccessorImpl.invoke(DelegatingMethodAccessorImpl.java:43)
	at java.lang.reflect.Method.invoke(Method.java:498)
	at org.testng.internal.MethodInvocationHelper.invokeMethod(MethodInvocationHelper.java:133)
	at org.testng.internal.TestInvoker.invokeMethod(TestInvoker.java:584)
	at org.testng.internal.TestInvoker.invokeTestMethod(TestInvoker.java:172)
	at org.testng.internal.MethodRunner.runInSequence(MethodRunner.java:46)
	at org.testng.internal.TestInvoker$MethodInvocationAgent.invoke(TestInvoker.java:804)
	at org.testng.internal.TestInvoker.invokeTestMethods(TestInvoker.java:145)
	at org.testng.internal.TestMethodWorker.invokeTestMethods(TestMethodWorker.java:146)
	at org.testng.internal.TestMethodWorker.run(TestMethodWorker.java:128)
	at java.util.ArrayList.forEach(ArrayList.java:1257)
	at org.testng.TestRunner.privateRun(TestRunner.java:770)
	at org.testng.TestRunner.run(TestRunner.java:591)
	at org.testng.SuiteRunner.runTest(SuiteRunner.java:402)
	at org.testng.SuiteRunner.runSequentially(SuiteRunner.java:396)
	at org.testng.SuiteRunner.privateRun(SuiteRunner.java:355)
	at org.testng.SuiteRunner.run(SuiteRunner.java:304)
	at org.testng.SuiteRunnerWorker.runSuite(SuiteRunnerWorker.java:53)
	at org.testng.SuiteRunnerWorker.run(SuiteRunnerWorker.java:96)
	at org.testng.TestNG.runSuitesSequentially(TestNG.java:1180)
	at org.testng.TestNG.runSuitesLocally(TestNG.java:1102)
	at org.testng.TestNG.runSuites(TestNG.java:1032)
	at org.testng.TestNG.run(TestNG.java:1000)
	at org.apache.maven.surefire.testng.TestNGExecutor.run(TestNGExecutor.java:283)
	at org.apache.maven.surefire.testng.TestNGXmlTestSuite.execute(TestNGXmlTestSuite.java:75)
	at org.apache.maven.surefire.testng.TestNGProvider.invoke(TestNGProvider.java:120)
	at org.apache.maven.surefire.booter.ForkedBooter.invokeProviderInSameClassLoader(ForkedBooter.java:384)
	at org.apache.maven.surefire.booter.ForkedBooter.runSuitesInProcess(ForkedBooter.java:345)
	at org.apache.maven.surefire.booter.ForkedBooter.execute(ForkedBooter.java:126)
	at org.apache.maven.surefire.booter.ForkedBooter.main(ForkedBooter.java:418)
Caused by: org.openqa.selenium.NoSuchElementException: no such element: Unable to locate element: {"method":"xpath","selector":"//span[contains(text(),'Airtel Money Profile')]//ancestor::div[@class="card widget ng-star-inserted"]//div[contains(text(),'Tap to unlock')]"}
  (Session info: headless chrome=89.0.4389.90)
For documentation on this error, please visit: https://www.seleniumhq.org/exceptions/no_such_element.html
Build info: version: '4.0.0-alpha-3', revision: '8c567de6dc'
System info: host: 'LT2394650', ip: '172.23.64.219', os.name: 'Windows 10', os.arch: 'amd64', os.version: '10.0', java.version: '1.8.0_231'
Driver info: org.openqa.selenium.chrome.ChromeDriver
Capabilities {acceptInsecureCerts: true, browserName: chrome, browserVersion: 89.0.4389.90, chrome: {chromedriverVersion: 89.0.4389.23 (61b08ee2c5002..., userDataDir: C:\Users\2394650\AppData\Lo...}, goog:chromeOptions: {debuggerAddress: localhost:55645}, javascriptEnabled: true, networkConnectionEnabled: false, pageLoadStrategy: normal, platform: WINDOWS, platformName: WINDOWS, proxy: Proxy(), setWindowRect: true, strictFileInteractability: false, timeouts: {implicit: 0, pageLoad: 300000, script: 30000}, unhandledPromptBehavior: dismiss and notify, webauthn:extension:largeBlob: true, webauthn:virtualAuthenticators: true}
Session ID: aad01f0e8d3b704d60825ae79888a52f
*** Element info: {Using=xpath, value=//span[contains(text(),'Airtel Money Profile')]//ancestor::div[@class="card widget ng-star-inserted"]//div[contains(text(),'Tap to unlock')]}
	at sun.reflect.NativeConstructorAccessorImpl.newInstance0(Native Method)
	at sun.reflect.NativeConstructorAccessorImpl.newInstance(NativeConstructorAccessorImpl.java:62)
	at sun.reflect.DelegatingConstructorAccessorImpl.newInstance(DelegatingConstructorAccessorImpl.java:45)
	at java.lang.reflect.Constructor.newInstance(Constructor.java:423)
	at org.openqa.selenium.remote.codec.w3c.W3CHttpResponseCodec.createException(W3CHttpResponseCodec.java:191)
	at org.openqa.selenium.remote.codec.w3c.W3CHttpResponseCodec.decode(W3CHttpResponseCodec.java:125)
	at org.openqa.selenium.remote.codec.w3c.W3CHttpResponseCodec.decode(W3CHttpResponseCodec.java:52)
	at org.openqa.selenium.remote.HttpCommandExecutor.execute(HttpCommandExecutor.java:161)
	at org.openqa.selenium.remote.service.DriverCommandExecutor.execute(DriverCommandExecutor.java:83)
	at org.openqa.selenium.remote.RemoteWebDriver.execute(RemoteWebDriver.java:576)
	at org.openqa.selenium.remote.RemoteWebDriver.findElement(RemoteWebDriver.java:327)
	at org.openqa.selenium.remote.RemoteWebDriver.findElementByXPath(RemoteWebDriver.java:445)
	at org.openqa.selenium.By$ByXPath.findElement(By.java:396)
	at org.openqa.selenium.remote.RemoteWebDriver.findElement(RemoteWebDriver.java:319)
	at org.openqa.selenium.support.ui.ExpectedConditions$6.apply(ExpectedConditions.java:182)
	at org.openqa.selenium.support.ui.ExpectedConditions$6.apply(ExpectedConditions.java:179)
	at org.openqa.selenium.support.ui.FluentWait.until(FluentWait.java:211)
	... 36 more
org.openqa.selenium.TimeoutException: Expected condition failed: waiting for presence of element located by: By.xpath: //span[@class='customer-name ng-star-inserted']/span[1] (tried for 20 second(s) with 500 milliseconds interval)
	at org.openqa.selenium.support.ui.WebDriverWait.timeoutException(WebDriverWait.java:138)
	at org.openqa.selenium.support.ui.FluentWait.until(FluentWait.java:234)
	at pages.BasePage.waitVisibility(BasePage.java:126)
	at pages.BasePage.readText(BasePage.java:99)
	at pages.CustomerDemoGraphicPOM.getCustomerName(CustomerDemoGraphicPOM.java:100)
	at tests.customerInteractionTest.validateDemographicInformation(customerInteractionTest.java:145)
	at sun.reflect.NativeMethodAccessorImpl.invoke0(Native Method)
	at sun.reflect.NativeMethodAccessorImpl.invoke(NativeMethodAccessorImpl.java:62)
	at sun.reflect.DelegatingMethodAccessorImpl.invoke(DelegatingMethodAccessorImpl.java:43)
	at java.lang.reflect.Method.invoke(Method.java:498)
	at org.testng.internal.MethodInvocationHelper.invokeMethod(MethodInvocationHelper.java:133)
	at org.testng.internal.TestInvoker.invokeMethod(TestInvoker.java:584)
	at org.testng.internal.TestInvoker.invokeTestMethod(TestInvoker.java:172)
	at org.testng.internal.MethodRunner.runInSequence(MethodRunner.java:46)
	at org.testng.internal.TestInvoker$MethodInvocationAgent.invoke(TestInvoker.java:804)
	at org.testng.internal.TestInvoker.invokeTestMethods(TestInvoker.java:145)
	at org.testng.internal.TestMethodWorker.invokeTestMethods(TestMethodWorker.java:146)
	at org.testng.internal.TestMethodWorker.run(TestMethodWorker.java:128)
	at java.util.ArrayList.forEach(ArrayList.java:1257)
	at org.testng.TestRunner.privateRun(TestRunner.java:770)
	at org.testng.TestRunner.run(TestRunner.java:591)
	at org.testng.SuiteRunner.runTest(SuiteRunner.java:402)
	at org.testng.SuiteRunner.runSequentially(SuiteRunner.java:396)
	at org.testng.SuiteRunner.privateRun(SuiteRunner.java:355)
	at org.testng.SuiteRunner.run(SuiteRunner.java:304)
	at org.testng.SuiteRunnerWorker.runSuite(SuiteRunnerWorker.java:53)
	at org.testng.SuiteRunnerWorker.run(SuiteRunnerWorker.java:96)
	at org.testng.TestNG.runSuitesSequentially(TestNG.java:1180)
	at org.testng.TestNG.runSuitesLocally(TestNG.java:1102)
	at org.testng.TestNG.runSuites(TestNG.java:1032)
	at org.testng.TestNG.run(TestNG.java:1000)
	at org.apache.maven.surefire.testng.TestNGExecutor.run(TestNGExecutor.java:283)
	at org.apache.maven.surefire.testng.TestNGXmlTestSuite.execute(TestNGXmlTestSuite.java:75)
	at org.apache.maven.surefire.testng.TestNGProvider.invoke(TestNGProvider.java:120)
	at org.apache.maven.surefire.booter.ForkedBooter.invokeProviderInSameClassLoader(ForkedBooter.java:384)
	at org.apache.maven.surefire.booter.ForkedBooter.runSuitesInProcess(ForkedBooter.java:345)
	at org.apache.maven.surefire.booter.ForkedBooter.execute(ForkedBooter.java:126)
	at org.apache.maven.surefire.booter.ForkedBooter.main(ForkedBooter.java:418)
Caused by: org.openqa.selenium.NoSuchElementException: no such element: Unable to locate element: {"method":"xpath","selector":"//span[@class='customer-name ng-star-inserted']/span[1]"}
  (Session info: headless chrome=89.0.4389.90)
For documentation on this error, please visit: https://www.seleniumhq.org/exceptions/no_such_element.html
Build info: version: '4.0.0-alpha-3', revision: '8c567de6dc'
System info: host: 'LT2394650', ip: '172.23.64.219', os.name: 'Windows 10', os.arch: 'amd64', os.version: '10.0', java.version: '1.8.0_231'
Driver info: org.openqa.selenium.chrome.ChromeDriver
Capabilities {acceptInsecureCerts: true, browserName: chrome, browserVersion: 89.0.4389.90, chrome: {chromedriverVersion: 89.0.4389.23 (61b08ee2c5002..., userDataDir: C:\Users\2394650\AppData\Lo...}, goog:chromeOptions: {debuggerAddress: localhost:55645}, javascriptEnabled: true, networkConnectionEnabled: false, pageLoadStrategy: normal, platform: WINDOWS, platformName: WINDOWS, proxy: Proxy(), setWindowRect: true, strictFileInteractability: false, timeouts: {implicit: 0, pageLoad: 300000, script: 30000}, unhandledPromptBehavior: dismiss and notify, webauthn:extension:largeBlob: true, webauthn:virtualAuthenticators: true}
Session ID: aad01f0e8d3b704d60825ae79888a52f
*** Element info: {Using=xpath, value=//span[@class='customer-name ng-star-inserted']/span[1]}
	at sun.reflect.GeneratedConstructorAccessor64.newInstance(Unknown Source)
	at sun.reflect.DelegatingConstructorAccessorImpl.newInstance(DelegatingConstructorAccessorImpl.java:45)
	at java.lang.reflect.Constructor.newInstance(Constructor.java:423)
	at org.openqa.selenium.remote.codec.w3c.W3CHttpResponseCodec.createException(W3CHttpResponseCodec.java:191)
	at org.openqa.selenium.remote.codec.w3c.W3CHttpResponseCodec.decode(W3CHttpResponseCodec.java:125)
	at org.openqa.selenium.remote.codec.w3c.W3CHttpResponseCodec.decode(W3CHttpResponseCodec.java:52)
	at org.openqa.selenium.remote.HttpCommandExecutor.execute(HttpCommandExecutor.java:161)
	at org.openqa.selenium.remote.service.DriverCommandExecutor.execute(DriverCommandExecutor.java:83)
	at org.openqa.selenium.remote.RemoteWebDriver.execute(RemoteWebDriver.java:576)
	at org.openqa.selenium.remote.RemoteWebDriver.findElement(RemoteWebDriver.java:327)
	at org.openqa.selenium.remote.RemoteWebDriver.findElementByXPath(RemoteWebDriver.java:445)
	at org.openqa.selenium.By$ByXPath.findElement(By.java:396)
	at org.openqa.selenium.remote.RemoteWebDriver.findElement(RemoteWebDriver.java:319)
	at org.openqa.selenium.support.ui.ExpectedConditions$6.apply(ExpectedConditions.java:182)
	at org.openqa.selenium.support.ui.ExpectedConditions$6.apply(ExpectedConditions.java:179)
	at org.openqa.selenium.support.ui.FluentWait.until(FluentWait.java:211)
	... 36 more
org.openqa.selenium.TimeoutException: Expected condition failed: waiting for presence of element located by: By.xpath: //span[@class='customer-name ng-star-inserted']/a (tried for 20 second(s) with 500 milliseconds interval)
	at org.openqa.selenium.support.ui.WebDriverWait.timeoutException(WebDriverWait.java:138)
	at org.openqa.selenium.support.ui.FluentWait.until(FluentWait.java:234)
	at pages.BasePage.waitVisibility(BasePage.java:126)
	at pages.BasePage.hoverAndClick(BasePage.java:139)
	at pages.CustomerDemoGraphicPOM.hoverOnCustomerInfoIcon(CustomerDemoGraphicPOM.java:314)
	at tests.customerInteractionTest.validateDemographicInformation(customerInteractionTest.java:151)
	at sun.reflect.NativeMethodAccessorImpl.invoke0(Native Method)
	at sun.reflect.NativeMethodAccessorImpl.invoke(NativeMethodAccessorImpl.java:62)
	at sun.reflect.DelegatingMethodAccessorImpl.invoke(DelegatingMethodAccessorImpl.java:43)
	at java.lang.reflect.Method.invoke(Method.java:498)
	at org.testng.internal.MethodInvocationHelper.invokeMethod(MethodInvocationHelper.java:133)
	at org.testng.internal.TestInvoker.invokeMethod(TestInvoker.java:584)
	at org.testng.internal.TestInvoker.invokeTestMethod(TestInvoker.java:172)
	at org.testng.internal.MethodRunner.runInSequence(MethodRunner.java:46)
	at org.testng.internal.TestInvoker$MethodInvocationAgent.invoke(TestInvoker.java:804)
	at org.testng.internal.TestInvoker.invokeTestMethods(TestInvoker.java:145)
	at org.testng.internal.TestMethodWorker.invokeTestMethods(TestMethodWorker.java:146)
	at org.testng.internal.TestMethodWorker.run(TestMethodWorker.java:128)
	at java.util.ArrayList.forEach(ArrayList.java:1257)
	at org.testng.TestRunner.privateRun(TestRunner.java:770)
	at org.testng.TestRunner.run(TestRunner.java:591)
	at org.testng.SuiteRunner.runTest(SuiteRunner.java:402)
	at org.testng.SuiteRunner.runSequentially(SuiteRunner.java:396)
	at org.testng.SuiteRunner.privateRun(SuiteRunner.java:355)
	at org.testng.SuiteRunner.run(SuiteRunner.java:304)
	at org.testng.SuiteRunnerWorker.runSuite(SuiteRunnerWorker.java:53)
	at org.testng.SuiteRunnerWorker.run(SuiteRunnerWorker.java:96)
	at org.testng.TestNG.runSuitesSequentially(TestNG.java:1180)
	at org.testng.TestNG.runSuitesLocally(TestNG.java:1102)
	at org.testng.TestNG.runSuites(TestNG.java:1032)
	at org.testng.TestNG.run(TestNG.java:1000)
	at org.apache.maven.surefire.testng.TestNGExecutor.run(TestNGExecutor.java:283)
	at org.apache.maven.surefire.testng.TestNGXmlTestSuite.execute(TestNGXmlTestSuite.java:75)
	at org.apache.maven.surefire.testng.TestNGProvider.invoke(TestNGProvider.java:120)
	at org.apache.maven.surefire.booter.ForkedBooter.invokeProviderInSameClassLoader(ForkedBooter.java:384)
	at org.apache.maven.surefire.booter.ForkedBooter.runSuitesInProcess(ForkedBooter.java:345)
	at org.apache.maven.surefire.booter.ForkedBooter.execute(ForkedBooter.java:126)
	at org.apache.maven.surefire.booter.ForkedBooter.main(ForkedBooter.java:418)
Caused by: org.openqa.selenium.NoSuchElementException: no such element: Unable to locate element: {"method":"xpath","selector":"//span[@class='customer-name ng-star-inserted']/a"}
  (Session info: headless chrome=89.0.4389.90)
For documentation on this error, please visit: https://www.seleniumhq.org/exceptions/no_such_element.html
Build info: version: '4.0.0-alpha-3', revision: '8c567de6dc'
System info: host: 'LT2394650', ip: '172.23.64.219', os.name: 'Windows 10', os.arch: 'amd64', os.version: '10.0', java.version: '1.8.0_231'
Driver info: org.openqa.selenium.chrome.ChromeDriver
Capabilities {acceptInsecureCerts: true, browserName: chrome, browserVersion: 89.0.4389.90, chrome: {chromedriverVersion: 89.0.4389.23 (61b08ee2c5002..., userDataDir: C:\Users\2394650\AppData\Lo...}, goog:chromeOptions: {debuggerAddress: localhost:55645}, javascriptEnabled: true, networkConnectionEnabled: false, pageLoadStrategy: normal, platform: WINDOWS, platformName: WINDOWS, proxy: Proxy(), setWindowRect: true, strictFileInteractability: false, timeouts: {implicit: 0, pageLoad: 300000, script: 30000}, unhandledPromptBehavior: dismiss and notify, webauthn:extension:largeBlob: true, webauthn:virtualAuthenticators: true}
Session ID: aad01f0e8d3b704d60825ae79888a52f
*** Element info: {Using=xpath, value=//span[@class='customer-name ng-star-inserted']/a}
	at sun.reflect.GeneratedConstructorAccessor64.newInstance(Unknown Source)
	at sun.reflect.DelegatingConstructorAccessorImpl.newInstance(DelegatingConstructorAccessorImpl.java:45)
	at java.lang.reflect.Constructor.newInstance(Constructor.java:423)
	at org.openqa.selenium.remote.codec.w3c.W3CHttpResponseCodec.createException(W3CHttpResponseCodec.java:191)
	at org.openqa.selenium.remote.codec.w3c.W3CHttpResponseCodec.decode(W3CHttpResponseCodec.java:125)
	at org.openqa.selenium.remote.codec.w3c.W3CHttpResponseCodec.decode(W3CHttpResponseCodec.java:52)
	at org.openqa.selenium.remote.HttpCommandExecutor.execute(HttpCommandExecutor.java:161)
	at org.openqa.selenium.remote.service.DriverCommandExecutor.execute(DriverCommandExecutor.java:83)
	at org.openqa.selenium.remote.RemoteWebDriver.execute(RemoteWebDriver.java:576)
	at org.openqa.selenium.remote.RemoteWebDriver.findElement(RemoteWebDriver.java:327)
	at org.openqa.selenium.remote.RemoteWebDriver.findElementByXPath(RemoteWebDriver.java:445)
	at org.openqa.selenium.By$ByXPath.findElement(By.java:396)
	at org.openqa.selenium.remote.RemoteWebDriver.findElement(RemoteWebDriver.java:319)
	at org.openqa.selenium.support.ui.ExpectedConditions$6.apply(ExpectedConditions.java:182)
	at org.openqa.selenium.support.ui.ExpectedConditions$6.apply(ExpectedConditions.java:179)
	at org.openqa.selenium.support.ui.FluentWait.until(FluentWait.java:211)
	... 36 more
org.openqa.selenium.TimeoutException: Expected condition failed: waiting for presence of element located by: By.xpath: //span[contains(text(),'ID Type')]//following-sibling::span (tried for 20 second(s) with 500 milliseconds interval)
	at org.openqa.selenium.support.ui.WebDriverWait.timeoutException(WebDriverWait.java:138)
	at org.openqa.selenium.support.ui.FluentWait.until(FluentWait.java:234)
	at pages.BasePage.waitVisibility(BasePage.java:126)
	at pages.BasePage.readText(BasePage.java:99)
	at pages.CustomerDemoGraphicPOM.getIdType(CustomerDemoGraphicPOM.java:165)
	at tests.customerInteractionTest.validateDemographicInformation(customerInteractionTest.java:159)
	at sun.reflect.NativeMethodAccessorImpl.invoke0(Native Method)
	at sun.reflect.NativeMethodAccessorImpl.invoke(NativeMethodAccessorImpl.java:62)
	at sun.reflect.DelegatingMethodAccessorImpl.invoke(DelegatingMethodAccessorImpl.java:43)
	at java.lang.reflect.Method.invoke(Method.java:498)
	at org.testng.internal.MethodInvocationHelper.invokeMethod(MethodInvocationHelper.java:133)
	at org.testng.internal.TestInvoker.invokeMethod(TestInvoker.java:584)
	at org.testng.internal.TestInvoker.invokeTestMethod(TestInvoker.java:172)
	at org.testng.internal.MethodRunner.runInSequence(MethodRunner.java:46)
	at org.testng.internal.TestInvoker$MethodInvocationAgent.invoke(TestInvoker.java:804)
	at org.testng.internal.TestInvoker.invokeTestMethods(TestInvoker.java:145)
	at org.testng.internal.TestMethodWorker.invokeTestMethods(TestMethodWorker.java:146)
	at org.testng.internal.TestMethodWorker.run(TestMethodWorker.java:128)
	at java.util.ArrayList.forEach(ArrayList.java:1257)
	at org.testng.TestRunner.privateRun(TestRunner.java:770)
	at org.testng.TestRunner.run(TestRunner.java:591)
	at org.testng.SuiteRunner.runTest(SuiteRunner.java:402)
	at org.testng.SuiteRunner.runSequentially(SuiteRunner.java:396)
	at org.testng.SuiteRunner.privateRun(SuiteRunner.java:355)
	at org.testng.SuiteRunner.run(SuiteRunner.java:304)
	at org.testng.SuiteRunnerWorker.runSuite(SuiteRunnerWorker.java:53)
	at org.testng.SuiteRunnerWorker.run(SuiteRunnerWorker.java:96)
	at org.testng.TestNG.runSuitesSequentially(TestNG.java:1180)
	at org.testng.TestNG.runSuitesLocally(TestNG.java:1102)
	at org.testng.TestNG.runSuites(TestNG.java:1032)
	at org.testng.TestNG.run(TestNG.java:1000)
	at org.apache.maven.surefire.testng.TestNGExecutor.run(TestNGExecutor.java:283)
	at org.apache.maven.surefire.testng.TestNGXmlTestSuite.execute(TestNGXmlTestSuite.java:75)
	at org.apache.maven.surefire.testng.TestNGProvider.invoke(TestNGProvider.java:120)
	at org.apache.maven.surefire.booter.ForkedBooter.invokeProviderInSameClassLoader(ForkedBooter.java:384)
	at org.apache.maven.surefire.booter.ForkedBooter.runSuitesInProcess(ForkedBooter.java:345)
	at org.apache.maven.surefire.booter.ForkedBooter.execute(ForkedBooter.java:126)
	at org.apache.maven.surefire.booter.ForkedBooter.main(ForkedBooter.java:418)
Caused by: org.openqa.selenium.NoSuchElementException: no such element: Unable to locate element: {"method":"xpath","selector":"//span[contains(text(),'ID Type')]//following-sibling::span"}
  (Session info: headless chrome=89.0.4389.90)
For documentation on this error, please visit: https://www.seleniumhq.org/exceptions/no_such_element.html
Build info: version: '4.0.0-alpha-3', revision: '8c567de6dc'
System info: host: 'LT2394650', ip: '172.23.64.219', os.name: 'Windows 10', os.arch: 'amd64', os.version: '10.0', java.version: '1.8.0_231'
Driver info: org.openqa.selenium.chrome.ChromeDriver
Capabilities {acceptInsecureCerts: true, browserName: chrome, browserVersion: 89.0.4389.90, chrome: {chromedriverVersion: 89.0.4389.23 (61b08ee2c5002..., userDataDir: C:\Users\2394650\AppData\Lo...}, goog:chromeOptions: {debuggerAddress: localhost:55645}, javascriptEnabled: true, networkConnectionEnabled: false, pageLoadStrategy: normal, platform: WINDOWS, platformName: WINDOWS, proxy: Proxy(), setWindowRect: true, strictFileInteractability: false, timeouts: {implicit: 0, pageLoad: 300000, script: 30000}, unhandledPromptBehavior: dismiss and notify, webauthn:extension:largeBlob: true, webauthn:virtualAuthenticators: true}
Session ID: aad01f0e8d3b704d60825ae79888a52f
*** Element info: {Using=xpath, value=//span[contains(text(),'ID Type')]//following-sibling::span}
	at sun.reflect.GeneratedConstructorAccessor64.newInstance(Unknown Source)
	at sun.reflect.DelegatingConstructorAccessorImpl.newInstance(DelegatingConstructorAccessorImpl.java:45)
	at java.lang.reflect.Constructor.newInstance(Constructor.java:423)
	at org.openqa.selenium.remote.codec.w3c.W3CHttpResponseCodec.createException(W3CHttpResponseCodec.java:191)
	at org.openqa.selenium.remote.codec.w3c.W3CHttpResponseCodec.decode(W3CHttpResponseCodec.java:125)
	at org.openqa.selenium.remote.codec.w3c.W3CHttpResponseCodec.decode(W3CHttpResponseCodec.java:52)
	at org.openqa.selenium.remote.HttpCommandExecutor.execute(HttpCommandExecutor.java:161)
	at org.openqa.selenium.remote.service.DriverCommandExecutor.execute(DriverCommandExecutor.java:83)
	at org.openqa.selenium.remote.RemoteWebDriver.execute(RemoteWebDriver.java:576)
	at org.openqa.selenium.remote.RemoteWebDriver.findElement(RemoteWebDriver.java:327)
	at org.openqa.selenium.remote.RemoteWebDriver.findElementByXPath(RemoteWebDriver.java:445)
	at org.openqa.selenium.By$ByXPath.findElement(By.java:396)
	at org.openqa.selenium.remote.RemoteWebDriver.findElement(RemoteWebDriver.java:319)
	at org.openqa.selenium.support.ui.ExpectedConditions$6.apply(ExpectedConditions.java:182)
	at org.openqa.selenium.support.ui.ExpectedConditions$6.apply(ExpectedConditions.java:179)
	at org.openqa.selenium.support.ui.FluentWait.until(FluentWait.java:211)
	... 36 more
org.openqa.selenium.TimeoutException: Expected condition failed: waiting for presence of element located by: By.xpath: //span[contains(text(),'ID No.')]//following-sibling::span (tried for 20 second(s) with 500 milliseconds interval)
	at org.openqa.selenium.support.ui.WebDriverWait.timeoutException(WebDriverWait.java:138)
	at org.openqa.selenium.support.ui.FluentWait.until(FluentWait.java:234)
	at pages.BasePage.waitVisibility(BasePage.java:126)
	at pages.BasePage.readText(BasePage.java:99)
	at pages.CustomerDemoGraphicPOM.getIdNumber(CustomerDemoGraphicPOM.java:171)
	at tests.customerInteractionTest.validateDemographicInformation(customerInteractionTest.java:165)
	at sun.reflect.NativeMethodAccessorImpl.invoke0(Native Method)
	at sun.reflect.NativeMethodAccessorImpl.invoke(NativeMethodAccessorImpl.java:62)
	at sun.reflect.DelegatingMethodAccessorImpl.invoke(DelegatingMethodAccessorImpl.java:43)
	at java.lang.reflect.Method.invoke(Method.java:498)
	at org.testng.internal.MethodInvocationHelper.invokeMethod(MethodInvocationHelper.java:133)
	at org.testng.internal.TestInvoker.invokeMethod(TestInvoker.java:584)
	at org.testng.internal.TestInvoker.invokeTestMethod(TestInvoker.java:172)
	at org.testng.internal.MethodRunner.runInSequence(MethodRunner.java:46)
	at org.testng.internal.TestInvoker$MethodInvocationAgent.invoke(TestInvoker.java:804)
	at org.testng.internal.TestInvoker.invokeTestMethods(TestInvoker.java:145)
	at org.testng.internal.TestMethodWorker.invokeTestMethods(TestMethodWorker.java:146)
	at org.testng.internal.TestMethodWorker.run(TestMethodWorker.java:128)
	at java.util.ArrayList.forEach(ArrayList.java:1257)
	at org.testng.TestRunner.privateRun(TestRunner.java:770)
	at org.testng.TestRunner.run(TestRunner.java:591)
	at org.testng.SuiteRunner.runTest(SuiteRunner.java:402)
	at org.testng.SuiteRunner.runSequentially(SuiteRunner.java:396)
	at org.testng.SuiteRunner.privateRun(SuiteRunner.java:355)
	at org.testng.SuiteRunner.run(SuiteRunner.java:304)
	at org.testng.SuiteRunnerWorker.runSuite(SuiteRunnerWorker.java:53)
	at org.testng.SuiteRunnerWorker.run(SuiteRunnerWorker.java:96)
	at org.testng.TestNG.runSuitesSequentially(TestNG.java:1180)
	at org.testng.TestNG.runSuitesLocally(TestNG.java:1102)
	at org.testng.TestNG.runSuites(TestNG.java:1032)
	at org.testng.TestNG.run(TestNG.java:1000)
	at org.apache.maven.surefire.testng.TestNGExecutor.run(TestNGExecutor.java:283)
	at org.apache.maven.surefire.testng.TestNGXmlTestSuite.execute(TestNGXmlTestSuite.java:75)
	at org.apache.maven.surefire.testng.TestNGProvider.invoke(TestNGProvider.java:120)
	at org.apache.maven.surefire.booter.ForkedBooter.invokeProviderInSameClassLoader(ForkedBooter.java:384)
	at org.apache.maven.surefire.booter.ForkedBooter.runSuitesInProcess(ForkedBooter.java:345)
	at org.apache.maven.surefire.booter.ForkedBooter.execute(ForkedBooter.java:126)
	at org.apache.maven.surefire.booter.ForkedBooter.main(ForkedBooter.java:418)
Caused by: org.openqa.selenium.NoSuchElementException: no such element: Unable to locate element: {"method":"xpath","selector":"//span[contains(text(),'ID No.')]//following-sibling::span"}
  (Session info: headless chrome=89.0.4389.90)
For documentation on this error, please visit: https://www.seleniumhq.org/exceptions/no_such_element.html
Build info: version: '4.0.0-alpha-3', revision: '8c567de6dc'
System info: host: 'LT2394650', ip: '172.23.64.219', os.name: 'Windows 10', os.arch: 'amd64', os.version: '10.0', java.version: '1.8.0_231'
[...]
Session ID: aad01f0e8d3b704d60825ae79888a52f
*** Element info: {Using=xpath, value=//div[@class="customer-details"]//div[@class="user-left-side"]/div/div[3]//li[2]/p[2]/span[2]/a}
	at sun.reflect.GeneratedConstructorAccessor64.newInstance(Unknown Source)
	at sun.reflect.DelegatingConstructorAccessorImpl.newInstance(DelegatingConstructorAccessorImpl.java:45)
	at java.lang.reflect.Constructor.newInstance(Constructor.java:423)
	at org.openqa.selenium.remote.codec.w3c.W3CHttpResponseCodec.createException(W3CHttpResponseCodec.java:191)
	at org.openqa.selenium.remote.codec.w3c.W3CHttpResponseCodec.decode(W3CHttpResponseCodec.java:125)
	at org.openqa.selenium.remote.codec.w3c.W3CHttpResponseCodec.decode(W3CHttpResponseCodec.java:52)
	at org.openqa.selenium.remote.HttpCommandExecutor.execute(HttpCommandExecutor.java:161)
	at org.openqa.selenium.remote.service.DriverCommandExecutor.execute(DriverCommandExecutor.java:83)
	at org.openqa.selenium.remote.RemoteWebDriver.execute(RemoteWebDriver.java:576)
	at org.openqa.selenium.remote.RemoteWebDriver.findElement(RemoteWebDriver.java:327)
	at org.openqa.selenium.remote.RemoteWebDriver.findElementByXPath(RemoteWebDriver.java:445)
	at org.openqa.selenium.By$ByXPath.findElement(By.java:396)
	at org.openqa.selenium.remote.RemoteWebDriver.findElement(RemoteWebDriver.java:319)
	at org.openqa.selenium.support.ui.ExpectedConditions$6.apply(ExpectedConditions.java:182)
	at org.openqa.selenium.support.ui.ExpectedConditions$6.apply(ExpectedConditions.java:179)
	at org.openqa.selenium.support.ui.FluentWait.until(FluentWait.java:211)
	... 36 more
]]></system-err>
  </testcase>
  <testcase name="openCustomerInteractionBySIM" classname="tests.customerInteractionTest" time="43.951">
    <failure message="The following asserts failed:&#10;	Customer Info Dashboard Page does not open using SIM Number." type="java.lang.AssertionError">java.lang.AssertionError: 
The following asserts failed:
	Customer Info Dashboard Page does not open using SIM Number.
	at tests.customerInteractionTest.openCustomerInteractionBySIM(customerInteractionTest.java:367)
</failure>
    <system-out><![CDATA[21:47:37.698 [main] INFO  Utils.DataProviders.DataProviders(244) - User Type ALL
21:47:37.698 [main] INFO  Utils.DataProviders.DataProviders(247) - User Type ADDED ALL
21:47:37.699 [main] INFO  Utils.DataProviders.DataProviders(244) - User Type BA
21:47:37.699 [main] INFO  Utils.DataProviders.DataProviders(250) - NO USER FOUND
21:47:37.700 [main] INFO  Utils.DataProviders.DataProviders(244) - User Type API
21:47:37.700 [main] INFO  Utils.DataProviders.DataProviders(250) - NO USER FOUND
21:47:37.700 [main] INFO  Utils.DataProviders.DataProviders(244) - User Type NFTR
21:47:37.701 [main] INFO  Utils.DataProviders.DataProviders(250) - NO USER FOUND
21:47:37.702 I am in onTestStart method openCustomerInteractionBySIM start
21:47:37.773 [main] INFO  pages.BasePage(321) - Waiting for loader to be removed
21:47:42.782 [main] INFO  pages.BasePage(321) - Loader Removed
21:47:42.782 [main] INFO  pages.SideMenuPOM(42) - Clicking on Side Menu
21:47:42.935 [main] INFO  pages.BasePage(73) - Clicking on elementBy.xpath: //mat-toolbar//button
21:47:42.936 [main] INFO  pages.SideMenuPOM(65) - Clicking on User Name
21:47:43.109 [main] INFO  pages.BasePage(73) - Clicking on elementBy.xpath: //*[@class="ellipsis"]
21:47:43.110 [main] INFO  pages.SideMenuPOM(131) - Opening Customer Interaction Page
21:47:43.497 [main] INFO  pages.BasePage(73) - Clicking on elementBy.xpath: //a[contains(text(),'Customer Interaction')]
21:47:43.509 [main] INFO  pages.customerInteractionsSearchPOM(20) - Entering Number in search box :8926001030998120000
21:47:43.695 [main] INFO  pages.BasePage(93) - Writing 8926001030998120000to  By.xpath: //input[@name='search']
21:47:43.695 [main] INFO  pages.customerInteractionsSearchPOM(31) - Clicking on Search Button
21:47:43.695 [main] INFO  pages.BasePage(321) - Waiting for loader to be removed
21:47:59.031 [main] INFO  pages.BasePage(321) - Loader Removed
21:47:59.162 [main] INFO  pages.BasePage(73) - Clicking on elementBy.xpath: //button[@class='search-icon-btn']
21:48:20.786 [main] INFO  pages.customerInteractionPagePOM(103) - Checking that is Customer Interaction Page is loaded : false
21:48:21.169 [main] INFO  pages.BasePage(321) - Clearing Customer Number
21:48:21.226 I am in on TestFailure method openCustomerInteractionBySIM failed
java.lang.AssertionError: The following asserts failed:
	Customer Info Dashboard Page does not open using SIM Number.
	at org.testng.asserts.SoftAssert.assertAll(SoftAssert.java:47)
	at org.testng.asserts.SoftAssert.assertAll(SoftAssert.java:31)
	at tests.customerInteractionTest.openCustomerInteractionBySIM(customerInteractionTest.java:367)
	at sun.reflect.NativeMethodAccessorImpl.invoke0(Native Method)
	at sun.reflect.NativeMethodAccessorImpl.invoke(NativeMethodAccessorImpl.java:62)
	at sun.reflect.DelegatingMethodAccessorImpl.invoke(DelegatingMethodAccessorImpl.java:43)
	at java.lang.reflect.Method.invoke(Method.java:498)
	at org.testng.internal.MethodInvocationHelper.invokeMethod(MethodInvocationHelper.java:133)
	at org.testng.internal.TestInvoker.invokeMethod(TestInvoker.java:584)
	at org.testng.internal.TestInvoker.invokeTestMethod(TestInvoker.java:172)
	at org.testng.internal.MethodRunner.runInSequence(MethodRunner.java:46)
	at org.testng.internal.TestInvoker$MethodInvocationAgent.invoke(TestInvoker.java:804)
	at org.testng.internal.TestInvoker.invokeTestMethods(TestInvoker.java:145)
	at org.testng.internal.TestMethodWorker.invokeTestMethods(TestMethodWorker.java:146)
	at org.testng.internal.TestMethodWorker.run(TestMethodWorker.java:128)
	at java.util.ArrayList.forEach(ArrayList.java:1257)
	at org.testng.TestRunner.privateRun(TestRunner.java:770)
	at org.testng.TestRunner.run(TestRunner.java:591)
	at org.testng.SuiteRunner.runTest(SuiteRunner.java:402)
	at org.testng.SuiteRunner.runSequentially(SuiteRunner.java:396)
	at org.testng.SuiteRunner.privateRun(SuiteRunner.java:355)
	at org.testng.SuiteRunner.run(SuiteRunner.java:304)
	at org.testng.SuiteRunnerWorker.runSuite(SuiteRunnerWorker.java:53)
	at org.testng.SuiteRunnerWorker.run(SuiteRunnerWorker.java:96)
	at org.testng.TestNG.runSuitesSequentially(TestNG.java:1180)
	at org.testng.TestNG.runSuitesLocally(TestNG.java:1102)
	at org.testng.TestNG.runSuites(TestNG.java:1032)
	at org.testng.TestNG.run(TestNG.java:1000)
	at org.apache.maven.surefire.testng.TestNGExecutor.run(TestNGExecutor.java:283)
	at org.apache.maven.surefire.testng.TestNGXmlTestSuite.execute(TestNGXmlTestSuite.java:75)
	at org.apache.maven.surefire.testng.TestNGProvider.invoke(TestNGProvider.java:120)
	at org.apache.maven.surefire.booter.ForkedBooter.invokeProviderInSameClassLoader(ForkedBooter.java:384)
	at org.apache.maven.surefire.booter.ForkedBooter.runSuitesInProcess(ForkedBooter.java:345)
	at org.apache.maven.surefire.booter.ForkedBooter.execute(ForkedBooter.java:126)
	at org.apache.maven.surefire.booter.ForkedBooter.main(ForkedBooter.java:418)

]]></system-out>
    <system-err><![CDATA[org.openqa.selenium.TimeoutException: Expected condition failed: waiting for presence of element located by: By.xpath: //input[@type='search' and @placeholder='Search'] (tried for 20 second(s) with 500 milliseconds interval)
	at org.openqa.selenium.support.ui.WebDriverWait.timeoutException(WebDriverWait.java:138)
	at org.openqa.selenium.support.ui.FluentWait.until(FluentWait.java:234)
	at pages.BasePage.waitVisibility(BasePage.java:126)
	at pages.BasePage.checkState(BasePage.java:114)
	at pages.customerInteractionPagePOM.isPageLoaded(customerInteractionPagePOM.java:102)
	at tests.customerInteractionTest.openCustomerInteractionBySIM(customerInteractionTest.java:360)
	at sun.reflect.NativeMethodAccessorImpl.invoke0(Native Method)
	at sun.reflect.NativeMethodAccessorImpl.invoke(NativeMethodAccessorImpl.java:62)
	at sun.reflect.DelegatingMethodAccessorImpl.invoke(DelegatingMethodAccessorImpl.java:43)
	at java.lang.reflect.Method.invoke(Method.java:498)
	at org.testng.internal.MethodInvocationHelper.invokeMethod(MethodInvocationHelper.java:133)
	at org.testng.internal.TestInvoker.invokeMethod(TestInvoker.java:584)
	at org.testng.internal.TestInvoker.invokeTestMethod(TestInvoker.java:172)
	at org.testng.internal.MethodRunner.runInSequence(MethodRunner.java:46)
	at org.testng.internal.TestInvoker$MethodInvocationAgent.invoke(TestInvoker.java:804)
	at org.testng.internal.TestInvoker.invokeTestMethods(TestInvoker.java:145)
	at org.testng.internal.TestMethodWorker.invokeTestMethods(TestMethodWorker.java:146)
	at org.testng.internal.TestMethodWorker.run(TestMethodWorker.java:128)
	at java.util.ArrayList.forEach(ArrayList.java:1257)
	at org.testng.TestRunner.privateRun(TestRunner.java:770)
	at org.testng.TestRunner.run(TestRunner.java:591)
	at org.testng.SuiteRunner.runTest(SuiteRunner.java:402)
	at org.testng.SuiteRunner.runSequentially(SuiteRunner.java:396)
	at org.testng.SuiteRunner.privateRun(SuiteRunner.java:355)
	at org.testng.SuiteRunner.run(SuiteRunner.java:304)
	at org.testng.SuiteRunnerWorker.runSuite(SuiteRunnerWorker.java:53)
	at org.testng.SuiteRunnerWorker.run(SuiteRunnerWorker.java:96)
	at org.testng.TestNG.runSuitesSequentially(TestNG.java:1180)
	at org.testng.TestNG.runSuitesLocally(TestNG.java:1102)
	at org.testng.TestNG.runSuites(TestNG.java:1032)
	at org.testng.TestNG.run(TestNG.java:1000)
	at org.apache.maven.surefire.testng.TestNGExecutor.run(TestNGExecutor.java:283)
	at org.apache.maven.surefire.testng.TestNGXmlTestSuite.execute(TestNGXmlTestSuite.java:75)
	at org.apache.maven.surefire.testng.TestNGProvider.invoke(TestNGProvider.java:120)
	at org.apache.maven.surefire.booter.ForkedBooter.invokeProviderInSameClassLoader(ForkedBooter.java:384)
	at org.apache.maven.surefire.booter.ForkedBooter.runSuitesInProcess(ForkedBooter.java:345)
	at org.apache.maven.surefire.booter.ForkedBooter.execute(ForkedBooter.java:126)
	at org.apache.maven.surefire.booter.ForkedBooter.main(ForkedBooter.java:418)
Caused by: org.openqa.selenium.NoSuchElementException: no such element: Unable to locate element: {"method":"xpath","selector":"//input[@type='search' and @placeholder='Search']"}
  (Session info: headless chrome=89.0.4389.90)
For documentation on this error, please visit: https://www.seleniumhq.org/exceptions/no_such_element.html
Build info: version: '4.0.0-alpha-3', revision: '8c567de6dc'
System info: host: 'LT2394650', ip: '172.23.64.219', os.name: 'Windows 10', os.arch: 'amd64', os.version: '10.0', java.version: '1.8.0_231'
Driver info: org.openqa.selenium.chrome.ChromeDriver
Capabilities {acceptInsecureCerts: true, browserName: chrome, browserVersion: 89.0.4389.90, chrome: {chromedriverVersion: 89.0.4389.23 (61b08ee2c5002..., userDataDir: C:\Users\2394650\AppData\Lo...}, goog:chromeOptions: {debuggerAddress: localhost:55645}, javascriptEnabled: true, networkConnectionEnabled: false, pageLoadStrategy: normal, platform: WINDOWS, platformName: WINDOWS, proxy: Proxy(), setWindowRect: true, strictFileInteractability: false, timeouts: {implicit: 0, pageLoad: 300000, script: 30000}, unhandledPromptBehavior: dismiss and notify, webauthn:extension:largeBlob: true, webauthn:virtualAuthenticators: true}
Session ID: aad01f0e8d3b704d60825ae79888a52f
*** Element info: {Using=xpath, value=//input[@type='search' and @placeholder='Search']}
	at sun.reflect.GeneratedConstructorAccessor64.newInstance(Unknown Source)
	at sun.reflect.DelegatingConstructorAccessorImpl.newInstance(DelegatingConstructorAccessorImpl.java:45)
	at java.lang.reflect.Constructor.newInstance(Constructor.java:423)
	at org.openqa.selenium.remote.codec.w3c.W3CHttpResponseCodec.createException(W3CHttpResponseCodec.java:191)
	at org.openqa.selenium.remote.codec.w3c.W3CHttpResponseCodec.decode(W3CHttpResponseCodec.java:125)
	at org.openqa.selenium.remote.codec.w3c.W3CHttpResponseCodec.decode(W3CHttpResponseCodec.java:52)
	at org.openqa.selenium.remote.HttpCommandExecutor.execute(HttpCommandExecutor.java:161)
	at org.openqa.selenium.remote.service.DriverCommandExecutor.execute(DriverCommandExecutor.java:83)
	at org.openqa.selenium.remote.RemoteWebDriver.execute(RemoteWebDriver.java:576)
	at org.openqa.selenium.remote.RemoteWebDriver.findElement(RemoteWebDriver.java:327)
	at org.openqa.selenium.remote.RemoteWebDriver.findElementByXPath(RemoteWebDriver.java:445)
	at org.openqa.selenium.By$ByXPath.findElement(By.java:396)
	at org.openqa.selenium.remote.RemoteWebDriver.findElement(RemoteWebDriver.java:319)
	at org.openqa.selenium.support.ui.ExpectedConditions$6.apply(ExpectedConditions.java:182)
	at org.openqa.selenium.support.ui.ExpectedConditions$6.apply(ExpectedConditions.java:179)
	at org.openqa.selenium.support.ui.FluentWait.until(FluentWait.java:211)
	... 36 more
]]></system-err>
  </testcase>
  <testcase name="validateDemographicInformationBySIMNumber" classname="tests.customerInteractionTest" time="0">
    <skipped message="Method customerInteractionTest.validateDemographicInformationBySIMNumber(Utils.DataProviders.TestDatabean)[pri:4, instance:tests.customerInteractionTest@17d919b6] depends on not successfully finished methods"/>
    <system-out><![CDATA[21:48:21.633 I am in onTestStart method validateDemographicInformationBySIMNumber start
I am in on TestSkipped method validateDemographicInformationBySIMNumber skipped
]]></system-out>
  </testcase>
  <testcase name="invalidMSISDNTest" classname="tests.customerInteractionTest" time="0">
    <skipped message="Method customerInteractionTest.invalidMSISDNTest()[pri:5, instance:tests.customerInteractionTest@17d919b6] depends on not successfully finished methods"/>
    <system-out><![CDATA[21:48:21.634 I am in onTestStart method invalidMSISDNTest start
I am in on TestSkipped method invalidMSISDNTest skipped
]]></system-out>
  </testcase>
  <testcase name="openCustomerInteractionAPI" classname="tests.customerInteractionTest" time="13.138"/>
  <testcase name="airtelMoneyTransactionWidgetTest" classname="tests.customerInteractionTest" time="3.525">
    <failure type="java.lang.NullPointerException">java.lang.NullPointerException
	at tests.customerInteractionTest.airtelMoneyTransactionWidgetTest(customerInteractionTest.java:678)
</failure>
    <system-out><![CDATA[21:48:35.039 I am in onTestStart method airtelMoneyTransactionWidgetTest start
21:48:35.054 [main] INFO  pages.AMTransactionsWidgetPOM(63) - Checking is Airtel Money Widget Visible
21:48:36.674 [main] INFO  pages.AMTransactionsWidgetPOM(69) - Checking Airtel Money Widget Date Picker Visibility 
21:48:36.834 [main] INFO  API.APIEndPoints(312) - Request Headers are  : x-app-name=cs-service
x-service-id=customer_service_service_request_webctx
x-app-type=web
x-client-id=3
x-api-key=6ed4e45b-f587-4725-ba11-7cdff8aed697
x-login-module=MSISDN
x-channel=4
x-app-version=1.0.0
Opco=ZM
Authorization=Bearer eyJjdHkiOiJKV1QiLCJlbmMiOiJBMjU2R0NNIiwiYWxnIjoiUlNBLU9BRVAtMjU2In0.sFKmi9SWAEYuFa-tONG4R5mE52cXq0f8yZRr9x9RQ0a7ykgUcOd2LQ6TE7tyI2gr001mprVyr0LoV2HVFFO9kO_lW-0ITGcWpD9wC_Uy-yDkdhVO0yoccUNDzIjDIYkHKCVG4F-BVXQ4pfOLX24hk2ZR9mY1VuPTY242oFBOmsy80F4CzmGP6G1uXqACFFk79GBMP_sAR8cCDEiR1qHZ8jqOhIXHxAWfed8S7KSLTk-HkjNxIV0vftCkgY_89Khvkcn2mIYv3UN56H6PjzzSSuFIluZG3q2umPoykDdPff6XoKQmH2pG3yFUDTHsMwmuEbsr4pnXSokaIV5QABNRkQ.kR6Kp1KqqqN50OwW.DKQiqm6TrTMyKfituN7OAc9vq5e9M2lQYjRIyFbESmOwq4qd8J6ESuL-17j85g6aJAv8MHbSemlXdqBqIOmapDaxhNqbS6yZcgp7G7zCd0-MBnR7Dy1GGHjvtq6XO2ewW3axHnBlwwxk4d_rZCJvfyKu-EPHReBY2aOPaxc6g0Mc7bHx4E1cHALqciC5hxBpu_NyfHp8jOXAyU33Qwd422BaX7h4HtZu1o8eUjSrEzFg-flK-j0mTJ-3xzEu7NHgghQVPw.tspuwB6cgLlfga-rLl-2Vw
Content-Type=application/json
21:48:36.834 [main] INFO  API.APIEndPoints(314) - Request Body is  : {"msisdn":"973099626","pageSize":5,"pageNumber":1,"startDate":null,"endDate":null}
21:48:38.072 [main] INFO  API.APIEndPoints(316) - Response : {"message":"Transactions history fetched successfully.","statusCode":200,"result":{},"apiErrors":{}}
21:48:38.072 [main] INFO  API.APIEndPoints(317) - Response time : 1 s
21:48:38.080 I am in on TestFailure method airtelMoneyTransactionWidgetTest failed
java.lang.NullPointerException
	at tests.customerInteractionTest.airtelMoneyTransactionWidgetTest(customerInteractionTest.java:678)
	at sun.reflect.NativeMethodAccessorImpl.invoke0(Native Method)
	at sun.reflect.NativeMethodAccessorImpl.invoke(NativeMethodAccessorImpl.java:62)
	at sun.reflect.DelegatingMethodAccessorImpl.invoke(DelegatingMethodAccessorImpl.java:43)
	at java.lang.reflect.Method.invoke(Method.java:498)
	at org.testng.internal.MethodInvocationHelper.invokeMethod(MethodInvocationHelper.java:133)
	at org.testng.internal.TestInvoker.invokeMethod(TestInvoker.java:584)
	at org.testng.internal.TestInvoker.invokeTestMethod(TestInvoker.java:172)
	at org.testng.internal.MethodRunner.runInSequence(MethodRunner.java:46)
	at org.testng.internal.TestInvoker$MethodInvocationAgent.invoke(TestInvoker.java:804)
	at org.testng.internal.TestInvoker.invokeTestMethods(TestInvoker.java:145)
	at org.testng.internal.TestMethodWorker.invokeTestMethods(TestMethodWorker.java:146)
	at org.testng.internal.TestMethodWorker.run(TestMethodWorker.java:128)
	at java.util.ArrayList.forEach(ArrayList.java:1257)
	at org.testng.TestRunner.privateRun(TestRunner.java:770)
	at org.testng.TestRunner.run(TestRunner.java:591)
	at org.testng.SuiteRunner.runTest(SuiteRunner.java:402)
	at org.testng.SuiteRunner.runSequentially(SuiteRunner.java:396)
	at org.testng.SuiteRunner.privateRun(SuiteRunner.java:355)
	at org.testng.SuiteRunner.run(SuiteRunner.java:304)
	at org.testng.SuiteRunnerWorker.runSuite(SuiteRunnerWorker.java:53)
	at org.testng.SuiteRunnerWorker.run(SuiteRunnerWorker.java:96)
	at org.testng.TestNG.runSuitesSequentially(TestNG.java:1180)
	at org.testng.TestNG.runSuitesLocally(TestNG.java:1102)
	at org.testng.TestNG.runSuites(TestNG.java:1032)
	at org.testng.TestNG.run(TestNG.java:1000)
	at org.apache.maven.surefire.testng.TestNGExecutor.run(TestNGExecutor.java:283)
	at org.apache.maven.surefire.testng.TestNGXmlTestSuite.execute(TestNGXmlTestSuite.java:75)
	at org.apache.maven.surefire.testng.TestNGProvider.invoke(TestNGProvider.java:120)
	at org.apache.maven.surefire.booter.ForkedBooter.invokeProviderInSameClassLoader(ForkedBooter.java:384)
	at org.apache.maven.surefire.booter.ForkedBooter.runSuitesInProcess(ForkedBooter.java:345)
	at org.apache.maven.surefire.booter.ForkedBooter.execute(ForkedBooter.java:126)
	at org.apache.maven.surefire.booter.ForkedBooter.main(ForkedBooter.java:418)

]]></system-out>
  </testcase>
  <testcase name="yourCurrentBalanceWidgetTest" classname="tests.customerInteractionTest" time="2.288"/>
  <testcase name="usageHistoryWidgetTest" classname="tests.customerInteractionTest" time="3.108"/>
  <testcase name="rechargeHistoryWidgetTest" classname="tests.customerInteractionTest" time="23.233"/>
  <testcase name="validateServiceProfileWidget" classname="tests.customerInteractionTest" time="4.615"/>
  <testcase name="openCustomerInteractionAPI" classname="tests.widgetsOptionsTest" time="23.395"/>
  <testcase name="daDetailsTest" classname="tests.widgetsOptionsTest" time="29.458"/>
  <testcase name="accumulatorDetailsTest" classname="tests.widgetsOptionsTest" time="17.01"/>
  <testcase name="rechargeHistoryMenuTest" classname="tests.widgetsOptionsTest" time="55.863"/>
  <testcase name="usageHistoryMenuTest" classname="tests.widgetsOptionsTest" time="32.889"/>
</testsuite>